2018-10-03 14:51:41 [172.18.0.1][-][-][warning][yii\debug\Module::checkAccess] Access to debugger is denied due to IP address restriction. The requesting IP address is 172.18.0.1
2018-10-03 14:51:41 [172.18.0.1][-][-][info][application] $_GET = []

$_POST = []

$_FILES = []

$_COOKIE = [
    'PHPSESSID' => 'bb942e73798bf93ff8fdecdbc0a86035'
    '_csrf' => '8af717e5c76ba142aff61f2afa788b06387dbeb8ff693fac0288813c349c3c60a:2:{i:0;s:5:\"_csrf\";i:1;s:32:\"IdOXoKp45AKEVEjvPcN1RFPH17C5s_vt\";}'
]

$_SESSION = [
    '__flash' => []
]

$_SERVER = [
    'USER' => 'root'
    'HOME' => '/root'
    'HTTP_COOKIE' => 'PHPSESSID=bb942e73798bf93ff8fdecdbc0a86035; _csrf=8af717e5c76ba142aff61f2afa788b06387dbeb8ff693fac0288813c349c3c60a%3A2%3A%7Bi%3A0%3Bs%3A5%3A%22_csrf%22%3Bi%3A1%3Bs%3A32%3A%22IdOXoKp45AKEVEjvPcN1RFPH17C5s_vt%22%3B%7D'
    'HTTP_ACCEPT_LANGUAGE' => 'ru-RU,ru;q=0.9,en-US;q=0.8,en;q=0.7'
    'HTTP_ACCEPT_ENCODING' => 'gzip, deflate, br'
    'HTTP_ACCEPT' => 'text/html,application/xhtml+xml,application/xml;q=0.9,image/webp,image/apng,*/*;q=0.8'
    'HTTP_USER_AGENT' => 'Mozilla/5.0 (Windows NT 10.0; WOW64) AppleWebKit/537.36 (KHTML, like Gecko) Chrome/67.0.3396.99 Safari/537.36'
    'HTTP_UPGRADE_INSECURE_REQUESTS' => '1'
    'HTTP_CACHE_CONTROL' => 'max-age=0'
    'HTTP_CONNECTION' => 'keep-alive'
    'HTTP_HOST' => 'localhost'
    'REDIRECT_STATUS' => '200'
    'SERVER_NAME' => 'gs.local'
    'SERVER_PORT' => '80'
    'SERVER_ADDR' => '172.18.0.4'
    'REMOTE_PORT' => '56864'
    'REMOTE_ADDR' => '172.18.0.1'
    'SERVER_SOFTWARE' => 'nginx/1.11.1'
    'GATEWAY_INTERFACE' => 'CGI/1.1'
    'REQUEST_SCHEME' => 'http'
    'SERVER_PROTOCOL' => 'HTTP/1.1'
    'DOCUMENT_ROOT' => '/var/www/web'
    'DOCUMENT_URI' => '/index.php'
    'REQUEST_URI' => '/person/index'
    'SCRIPT_NAME' => '/index.php'
    'CONTENT_LENGTH' => ''
    'CONTENT_TYPE' => ''
    'REQUEST_METHOD' => 'GET'
    'QUERY_STRING' => ''
    'SCRIPT_FILENAME' => '/var/www/web/index.php'
    'FCGI_ROLE' => 'RESPONDER'
    'PHP_SELF' => '/index.php'
    'REQUEST_TIME_FLOAT' => 1538567501.3837
    'REQUEST_TIME' => 1538567501
]
2018-10-03 14:52:35 [172.18.0.1][-][-][warning][yii\debug\Module::checkAccess] Access to debugger is denied due to IP address restriction. The requesting IP address is 172.18.0.1
2018-10-03 14:52:35 [172.18.0.1][-][-][info][application] $_GET = []

$_POST = []

$_FILES = []

$_COOKIE = [
    'PHPSESSID' => 'bb942e73798bf93ff8fdecdbc0a86035'
    '_csrf' => '8af717e5c76ba142aff61f2afa788b06387dbeb8ff693fac0288813c349c3c60a:2:{i:0;s:5:\"_csrf\";i:1;s:32:\"IdOXoKp45AKEVEjvPcN1RFPH17C5s_vt\";}'
]

$_SESSION = [
    '__flash' => []
]

$_SERVER = [
    'USER' => 'root'
    'HOME' => '/root'
    'HTTP_COOKIE' => 'PHPSESSID=bb942e73798bf93ff8fdecdbc0a86035; _csrf=8af717e5c76ba142aff61f2afa788b06387dbeb8ff693fac0288813c349c3c60a%3A2%3A%7Bi%3A0%3Bs%3A5%3A%22_csrf%22%3Bi%3A1%3Bs%3A32%3A%22IdOXoKp45AKEVEjvPcN1RFPH17C5s_vt%22%3B%7D'
    'HTTP_ACCEPT_LANGUAGE' => 'ru-RU,ru;q=0.9,en-US;q=0.8,en;q=0.7'
    'HTTP_ACCEPT_ENCODING' => 'gzip, deflate, br'
    'HTTP_ACCEPT' => 'text/html,application/xhtml+xml,application/xml;q=0.9,image/webp,image/apng,*/*;q=0.8'
    'HTTP_USER_AGENT' => 'Mozilla/5.0 (Windows NT 10.0; WOW64) AppleWebKit/537.36 (KHTML, like Gecko) Chrome/67.0.3396.99 Safari/537.36'
    'HTTP_UPGRADE_INSECURE_REQUESTS' => '1'
    'HTTP_CACHE_CONTROL' => 'max-age=0'
    'HTTP_CONNECTION' => 'keep-alive'
    'HTTP_HOST' => 'localhost'
    'REDIRECT_STATUS' => '200'
    'SERVER_NAME' => 'gs.local'
    'SERVER_PORT' => '80'
    'SERVER_ADDR' => '172.18.0.4'
    'REMOTE_PORT' => '56864'
    'REMOTE_ADDR' => '172.18.0.1'
    'SERVER_SOFTWARE' => 'nginx/1.11.1'
    'GATEWAY_INTERFACE' => 'CGI/1.1'
    'REQUEST_SCHEME' => 'http'
    'SERVER_PROTOCOL' => 'HTTP/1.1'
    'DOCUMENT_ROOT' => '/var/www/web'
    'DOCUMENT_URI' => '/index.php'
    'REQUEST_URI' => '/person/index'
    'SCRIPT_NAME' => '/index.php'
    'CONTENT_LENGTH' => ''
    'CONTENT_TYPE' => ''
    'REQUEST_METHOD' => 'GET'
    'QUERY_STRING' => ''
    'SCRIPT_FILENAME' => '/var/www/web/index.php'
    'FCGI_ROLE' => 'RESPONDER'
    'PHP_SELF' => '/index.php'
    'REQUEST_TIME_FLOAT' => 1538567555.4091
    'REQUEST_TIME' => 1538567555
]
2018-10-03 14:53:05 [172.18.0.1][-][-][warning][yii\debug\Module::checkAccess] Access to debugger is denied due to IP address restriction. The requesting IP address is 172.18.0.1
2018-10-03 14:53:05 [172.18.0.1][-][-][info][application] $_GET = []

$_POST = []

$_FILES = []

$_COOKIE = [
    'PHPSESSID' => 'bb942e73798bf93ff8fdecdbc0a86035'
    '_csrf' => '8af717e5c76ba142aff61f2afa788b06387dbeb8ff693fac0288813c349c3c60a:2:{i:0;s:5:\"_csrf\";i:1;s:32:\"IdOXoKp45AKEVEjvPcN1RFPH17C5s_vt\";}'
]

$_SESSION = [
    '__flash' => []
]

$_SERVER = [
    'USER' => 'root'
    'HOME' => '/root'
    'HTTP_COOKIE' => 'PHPSESSID=bb942e73798bf93ff8fdecdbc0a86035; _csrf=8af717e5c76ba142aff61f2afa788b06387dbeb8ff693fac0288813c349c3c60a%3A2%3A%7Bi%3A0%3Bs%3A5%3A%22_csrf%22%3Bi%3A1%3Bs%3A32%3A%22IdOXoKp45AKEVEjvPcN1RFPH17C5s_vt%22%3B%7D'
    'HTTP_ACCEPT_LANGUAGE' => 'ru-RU,ru;q=0.9,en-US;q=0.8,en;q=0.7'
    'HTTP_ACCEPT_ENCODING' => 'gzip, deflate, br'
    'HTTP_ACCEPT' => 'text/html,application/xhtml+xml,application/xml;q=0.9,image/webp,image/apng,*/*;q=0.8'
    'HTTP_USER_AGENT' => 'Mozilla/5.0 (Windows NT 10.0; WOW64) AppleWebKit/537.36 (KHTML, like Gecko) Chrome/67.0.3396.99 Safari/537.36'
    'HTTP_UPGRADE_INSECURE_REQUESTS' => '1'
    'HTTP_CONNECTION' => 'keep-alive'
    'HTTP_HOST' => 'localhost'
    'REDIRECT_STATUS' => '200'
    'SERVER_NAME' => 'gs.local'
    'SERVER_PORT' => '80'
    'SERVER_ADDR' => '172.18.0.4'
    'REMOTE_PORT' => '56864'
    'REMOTE_ADDR' => '172.18.0.1'
    'SERVER_SOFTWARE' => 'nginx/1.11.1'
    'GATEWAY_INTERFACE' => 'CGI/1.1'
    'REQUEST_SCHEME' => 'http'
    'SERVER_PROTOCOL' => 'HTTP/1.1'
    'DOCUMENT_ROOT' => '/var/www/web'
    'DOCUMENT_URI' => '/index.php'
    'REQUEST_URI' => '/person/index'
    'SCRIPT_NAME' => '/index.php'
    'CONTENT_LENGTH' => ''
    'CONTENT_TYPE' => ''
    'REQUEST_METHOD' => 'GET'
    'QUERY_STRING' => ''
    'SCRIPT_FILENAME' => '/var/www/web/index.php'
    'FCGI_ROLE' => 'RESPONDER'
    'PHP_SELF' => '/index.php'
    'REQUEST_TIME_FLOAT' => 1538567585.5374
    'REQUEST_TIME' => 1538567585
]
2018-10-03 15:04:04 [172.18.0.1][-][bb942e73798bf93ff8fdecdbc0a86035][error][yii\web\HttpException:404] yii\base\InvalidRouteException: Unable to resolve the request "persons". in /var/www/vendor/yiisoft/yii2/base/Module.php:537
Stack trace:
#0 /var/www/vendor/yiisoft/yii2/web/Application.php(103): yii\base\Module->runAction('persons', Array)
#1 /var/www/vendor/yiisoft/yii2/base/Application.php(386): yii\web\Application->handleRequest(Object(yii\web\Request))
#2 /var/www/web/index.php(12): yii\base\Application->run()
#3 {main}

Next yii\web\NotFoundHttpException: Page not found. in /var/www/vendor/yiisoft/yii2/web/Application.php:115
Stack trace:
#0 /var/www/vendor/yiisoft/yii2/base/Application.php(386): yii\web\Application->handleRequest(Object(yii\web\Request))
#1 /var/www/web/index.php(12): yii\base\Application->run()
#2 {main}
2018-10-03 15:04:05 [172.18.0.1][-][bb942e73798bf93ff8fdecdbc0a86035][warning][yii\debug\Module::checkAccess] Access to debugger is denied due to IP address restriction. The requesting IP address is 172.18.0.1
    in /var/www/views/layouts/main.php:78
2018-10-03 15:04:05 [172.18.0.1][-][bb942e73798bf93ff8fdecdbc0a86035][warning][yii\debug\Module::checkAccess] Access to debugger is denied due to IP address restriction. The requesting IP address is 172.18.0.1
2018-10-03 15:04:04 [172.18.0.1][-][bb942e73798bf93ff8fdecdbc0a86035][info][application] $_GET = []

$_POST = []

$_FILES = []

$_COOKIE = [
    'PHPSESSID' => 'bb942e73798bf93ff8fdecdbc0a86035'
    '_csrf' => '8af717e5c76ba142aff61f2afa788b06387dbeb8ff693fac0288813c349c3c60a:2:{i:0;s:5:\"_csrf\";i:1;s:32:\"IdOXoKp45AKEVEjvPcN1RFPH17C5s_vt\";}'
]

$_SESSION = [
    '__flash' => []
]

$_SERVER = [
    'USER' => 'root'
    'HOME' => '/root'
    'HTTP_COOKIE' => 'PHPSESSID=bb942e73798bf93ff8fdecdbc0a86035; _csrf=8af717e5c76ba142aff61f2afa788b06387dbeb8ff693fac0288813c349c3c60a%3A2%3A%7Bi%3A0%3Bs%3A5%3A%22_csrf%22%3Bi%3A1%3Bs%3A32%3A%22IdOXoKp45AKEVEjvPcN1RFPH17C5s_vt%22%3B%7D'
    'HTTP_ACCEPT_LANGUAGE' => 'ru-RU,ru;q=0.9,en-US;q=0.8,en;q=0.7'
    'HTTP_ACCEPT_ENCODING' => 'gzip, deflate, br'
    'HTTP_ACCEPT' => 'text/html,application/xhtml+xml,application/xml;q=0.9,image/webp,image/apng,*/*;q=0.8'
    'HTTP_USER_AGENT' => 'Mozilla/5.0 (Windows NT 10.0; WOW64) AppleWebKit/537.36 (KHTML, like Gecko) Chrome/67.0.3396.99 Safari/537.36'
    'HTTP_UPGRADE_INSECURE_REQUESTS' => '1'
    'HTTP_CONNECTION' => 'keep-alive'
    'HTTP_HOST' => 'localhost'
    'REDIRECT_STATUS' => '200'
    'SERVER_NAME' => 'gs.local'
    'SERVER_PORT' => '80'
    'SERVER_ADDR' => '172.18.0.4'
    'REMOTE_PORT' => '56890'
    'REMOTE_ADDR' => '172.18.0.1'
    'SERVER_SOFTWARE' => 'nginx/1.11.1'
    'GATEWAY_INTERFACE' => 'CGI/1.1'
    'REQUEST_SCHEME' => 'http'
    'SERVER_PROTOCOL' => 'HTTP/1.1'
    'DOCUMENT_ROOT' => '/var/www/web'
    'DOCUMENT_URI' => '/index.php'
    'REQUEST_URI' => '/persons'
    'SCRIPT_NAME' => '/index.php'
    'CONTENT_LENGTH' => ''
    'CONTENT_TYPE' => ''
    'REQUEST_METHOD' => 'GET'
    'QUERY_STRING' => ''
    'SCRIPT_FILENAME' => '/var/www/web/index.php'
    'FCGI_ROLE' => 'RESPONDER'
    'PHP_SELF' => '/index.php'
    'REQUEST_TIME_FLOAT' => 1538568244.7591
    'REQUEST_TIME' => 1538568244
]
2018-10-03 15:05:11 [172.18.0.1][-][bb942e73798bf93ff8fdecdbc0a86035][error][yii\base\ErrorException:2] yii\base\ErrorException: Use of undefined constant allowedFields - assumed 'allowedFields' (this will throw an Error in a future version of PHP) in /var/www/repositories/PersonRepository.php:22
Stack trace:
#0 /var/www/repositories/PersonRepository.php(22): yii\base\ErrorHandler->handleError(2, 'Use of undefine...', '/var/www/reposi...', 22, Array)
#1 /var/www/controllers/PersonController.php(21): app\repositories\PersonRepository->getSortedPersons()
#2 [internal function]: app\controllers\PersonController->actionIndex()
#3 /var/www/vendor/yiisoft/yii2/base/InlineAction.php(57): call_user_func_array(Array, Array)
#4 /var/www/vendor/yiisoft/yii2/base/Controller.php(157): yii\base\InlineAction->runWithParams(Array)
#5 /var/www/vendor/yiisoft/yii2/base/Module.php(528): yii\base\Controller->runAction('', Array)
#6 /var/www/vendor/yiisoft/yii2/web/Application.php(103): yii\base\Module->runAction('person', Array)
#7 /var/www/vendor/yiisoft/yii2/base/Application.php(386): yii\web\Application->handleRequest(Object(yii\web\Request))
#8 /var/www/web/index.php(12): yii\base\Application->run()
#9 {main}
2018-10-03 15:05:11 [172.18.0.1][-][bb942e73798bf93ff8fdecdbc0a86035][warning][yii\debug\Module::checkAccess] Access to debugger is denied due to IP address restriction. The requesting IP address is 172.18.0.1
2018-10-03 15:05:11 [172.18.0.1][-][bb942e73798bf93ff8fdecdbc0a86035][info][application] $_GET = []

$_POST = []

$_FILES = []

$_COOKIE = [
    'PHPSESSID' => 'bb942e73798bf93ff8fdecdbc0a86035'
    '_csrf' => '8af717e5c76ba142aff61f2afa788b06387dbeb8ff693fac0288813c349c3c60a:2:{i:0;s:5:\"_csrf\";i:1;s:32:\"IdOXoKp45AKEVEjvPcN1RFPH17C5s_vt\";}'
]

$_SESSION = [
    '__flash' => []
]

$_SERVER = [
    'USER' => 'root'
    'HOME' => '/root'
    'HTTP_COOKIE' => 'PHPSESSID=bb942e73798bf93ff8fdecdbc0a86035; _csrf=8af717e5c76ba142aff61f2afa788b06387dbeb8ff693fac0288813c349c3c60a%3A2%3A%7Bi%3A0%3Bs%3A5%3A%22_csrf%22%3Bi%3A1%3Bs%3A32%3A%22IdOXoKp45AKEVEjvPcN1RFPH17C5s_vt%22%3B%7D'
    'HTTP_ACCEPT_LANGUAGE' => 'ru-RU,ru;q=0.9,en-US;q=0.8,en;q=0.7'
    'HTTP_ACCEPT_ENCODING' => 'gzip, deflate, br'
    'HTTP_ACCEPT' => 'text/html,application/xhtml+xml,application/xml;q=0.9,image/webp,image/apng,*/*;q=0.8'
    'HTTP_USER_AGENT' => 'Mozilla/5.0 (Windows NT 10.0; WOW64) AppleWebKit/537.36 (KHTML, like Gecko) Chrome/67.0.3396.99 Safari/537.36'
    'HTTP_UPGRADE_INSECURE_REQUESTS' => '1'
    'HTTP_CONNECTION' => 'keep-alive'
    'HTTP_HOST' => 'localhost'
    'REDIRECT_STATUS' => '200'
    'SERVER_NAME' => 'gs.local'
    'SERVER_PORT' => '80'
    'SERVER_ADDR' => '172.18.0.4'
    'REMOTE_PORT' => '56902'
    'REMOTE_ADDR' => '172.18.0.1'
    'SERVER_SOFTWARE' => 'nginx/1.11.1'
    'GATEWAY_INTERFACE' => 'CGI/1.1'
    'REQUEST_SCHEME' => 'http'
    'SERVER_PROTOCOL' => 'HTTP/1.1'
    'DOCUMENT_ROOT' => '/var/www/web'
    'DOCUMENT_URI' => '/index.php'
    'REQUEST_URI' => '/person'
    'SCRIPT_NAME' => '/index.php'
    'CONTENT_LENGTH' => ''
    'CONTENT_TYPE' => ''
    'REQUEST_METHOD' => 'GET'
    'QUERY_STRING' => ''
    'SCRIPT_FILENAME' => '/var/www/web/index.php'
    'FCGI_ROLE' => 'RESPONDER'
    'PHP_SELF' => '/index.php'
    'REQUEST_TIME_FLOAT' => 1538568311.4305
    'REQUEST_TIME' => 1538568311
]
2018-10-03 15:05:54 [172.18.0.1][-][-][warning][yii\debug\Module::checkAccess] Access to debugger is denied due to IP address restriction. The requesting IP address is 172.18.0.1
2018-10-03 15:05:54 [172.18.0.1][-][-][info][application] $_GET = []

$_POST = []

$_FILES = []

$_COOKIE = [
    'PHPSESSID' => 'bb942e73798bf93ff8fdecdbc0a86035'
    '_csrf' => '8af717e5c76ba142aff61f2afa788b06387dbeb8ff693fac0288813c349c3c60a:2:{i:0;s:5:\"_csrf\";i:1;s:32:\"IdOXoKp45AKEVEjvPcN1RFPH17C5s_vt\";}'
]

$_SESSION = [
    '__flash' => []
]

$_SERVER = [
    'USER' => 'root'
    'HOME' => '/root'
    'HTTP_COOKIE' => 'PHPSESSID=bb942e73798bf93ff8fdecdbc0a86035; _csrf=8af717e5c76ba142aff61f2afa788b06387dbeb8ff693fac0288813c349c3c60a%3A2%3A%7Bi%3A0%3Bs%3A5%3A%22_csrf%22%3Bi%3A1%3Bs%3A32%3A%22IdOXoKp45AKEVEjvPcN1RFPH17C5s_vt%22%3B%7D'
    'HTTP_ACCEPT_LANGUAGE' => 'ru-RU,ru;q=0.9,en-US;q=0.8,en;q=0.7'
    'HTTP_ACCEPT_ENCODING' => 'gzip, deflate, br'
    'HTTP_ACCEPT' => 'text/html,application/xhtml+xml,application/xml;q=0.9,image/webp,image/apng,*/*;q=0.8'
    'HTTP_USER_AGENT' => 'Mozilla/5.0 (Windows NT 10.0; WOW64) AppleWebKit/537.36 (KHTML, like Gecko) Chrome/67.0.3396.99 Safari/537.36'
    'HTTP_UPGRADE_INSECURE_REQUESTS' => '1'
    'HTTP_CACHE_CONTROL' => 'max-age=0'
    'HTTP_CONNECTION' => 'keep-alive'
    'HTTP_HOST' => 'localhost'
    'REDIRECT_STATUS' => '200'
    'SERVER_NAME' => 'gs.local'
    'SERVER_PORT' => '80'
    'SERVER_ADDR' => '172.18.0.4'
    'REMOTE_PORT' => '56912'
    'REMOTE_ADDR' => '172.18.0.1'
    'SERVER_SOFTWARE' => 'nginx/1.11.1'
    'GATEWAY_INTERFACE' => 'CGI/1.1'
    'REQUEST_SCHEME' => 'http'
    'SERVER_PROTOCOL' => 'HTTP/1.1'
    'DOCUMENT_ROOT' => '/var/www/web'
    'DOCUMENT_URI' => '/index.php'
    'REQUEST_URI' => '/person'
    'SCRIPT_NAME' => '/index.php'
    'CONTENT_LENGTH' => ''
    'CONTENT_TYPE' => ''
    'REQUEST_METHOD' => 'GET'
    'QUERY_STRING' => ''
    'SCRIPT_FILENAME' => '/var/www/web/index.php'
    'FCGI_ROLE' => 'RESPONDER'
    'PHP_SELF' => '/index.php'
    'REQUEST_TIME_FLOAT' => 1538568354.3013
    'REQUEST_TIME' => 1538568354
]
2018-10-03 15:06:28 [172.18.0.1][-][-][warning][yii\debug\Module::checkAccess] Access to debugger is denied due to IP address restriction. The requesting IP address is 172.18.0.1
2018-10-03 15:06:28 [172.18.0.1][-][-][info][application] $_GET = []

$_POST = []

$_FILES = []

$_COOKIE = [
    'PHPSESSID' => 'bb942e73798bf93ff8fdecdbc0a86035'
    '_csrf' => '8af717e5c76ba142aff61f2afa788b06387dbeb8ff693fac0288813c349c3c60a:2:{i:0;s:5:\"_csrf\";i:1;s:32:\"IdOXoKp45AKEVEjvPcN1RFPH17C5s_vt\";}'
]

$_SESSION = [
    '__flash' => []
]

$_SERVER = [
    'USER' => 'root'
    'HOME' => '/root'
    'HTTP_COOKIE' => 'PHPSESSID=bb942e73798bf93ff8fdecdbc0a86035; _csrf=8af717e5c76ba142aff61f2afa788b06387dbeb8ff693fac0288813c349c3c60a%3A2%3A%7Bi%3A0%3Bs%3A5%3A%22_csrf%22%3Bi%3A1%3Bs%3A32%3A%22IdOXoKp45AKEVEjvPcN1RFPH17C5s_vt%22%3B%7D'
    'HTTP_ACCEPT_LANGUAGE' => 'ru-RU,ru;q=0.9,en-US;q=0.8,en;q=0.7'
    'HTTP_ACCEPT_ENCODING' => 'gzip, deflate, br'
    'HTTP_ACCEPT' => 'text/html,application/xhtml+xml,application/xml;q=0.9,image/webp,image/apng,*/*;q=0.8'
    'HTTP_USER_AGENT' => 'Mozilla/5.0 (Windows NT 10.0; WOW64) AppleWebKit/537.36 (KHTML, like Gecko) Chrome/67.0.3396.99 Safari/537.36'
    'HTTP_UPGRADE_INSECURE_REQUESTS' => '1'
    'HTTP_CACHE_CONTROL' => 'max-age=0'
    'HTTP_CONNECTION' => 'keep-alive'
    'HTTP_HOST' => 'localhost'
    'REDIRECT_STATUS' => '200'
    'SERVER_NAME' => 'gs.local'
    'SERVER_PORT' => '80'
    'SERVER_ADDR' => '172.18.0.4'
    'REMOTE_PORT' => '56912'
    'REMOTE_ADDR' => '172.18.0.1'
    'SERVER_SOFTWARE' => 'nginx/1.11.1'
    'GATEWAY_INTERFACE' => 'CGI/1.1'
    'REQUEST_SCHEME' => 'http'
    'SERVER_PROTOCOL' => 'HTTP/1.1'
    'DOCUMENT_ROOT' => '/var/www/web'
    'DOCUMENT_URI' => '/index.php'
    'REQUEST_URI' => '/person'
    'SCRIPT_NAME' => '/index.php'
    'CONTENT_LENGTH' => ''
    'CONTENT_TYPE' => ''
    'REQUEST_METHOD' => 'GET'
    'QUERY_STRING' => ''
    'SCRIPT_FILENAME' => '/var/www/web/index.php'
    'FCGI_ROLE' => 'RESPONDER'
    'PHP_SELF' => '/index.php'
    'REQUEST_TIME_FLOAT' => 1538568388.4373
    'REQUEST_TIME' => 1538568388
]
2018-10-03 15:07:51 [172.18.0.1][-][-][warning][yii\debug\Module::checkAccess] Access to debugger is denied due to IP address restriction. The requesting IP address is 172.18.0.1
2018-10-03 15:07:51 [172.18.0.1][-][-][info][application] $_GET = []

$_POST = []

$_FILES = []

$_COOKIE = [
    'PHPSESSID' => 'bb942e73798bf93ff8fdecdbc0a86035'
    '_csrf' => '8af717e5c76ba142aff61f2afa788b06387dbeb8ff693fac0288813c349c3c60a:2:{i:0;s:5:\"_csrf\";i:1;s:32:\"IdOXoKp45AKEVEjvPcN1RFPH17C5s_vt\";}'
]

$_SESSION = [
    '__flash' => []
]

$_SERVER = [
    'USER' => 'root'
    'HOME' => '/root'
    'HTTP_COOKIE' => 'PHPSESSID=bb942e73798bf93ff8fdecdbc0a86035; _csrf=8af717e5c76ba142aff61f2afa788b06387dbeb8ff693fac0288813c349c3c60a%3A2%3A%7Bi%3A0%3Bs%3A5%3A%22_csrf%22%3Bi%3A1%3Bs%3A32%3A%22IdOXoKp45AKEVEjvPcN1RFPH17C5s_vt%22%3B%7D'
    'HTTP_ACCEPT_LANGUAGE' => 'ru-RU,ru;q=0.9,en-US;q=0.8,en;q=0.7'
    'HTTP_ACCEPT_ENCODING' => 'gzip, deflate, br'
    'HTTP_ACCEPT' => 'text/html,application/xhtml+xml,application/xml;q=0.9,image/webp,image/apng,*/*;q=0.8'
    'HTTP_USER_AGENT' => 'Mozilla/5.0 (Windows NT 10.0; WOW64) AppleWebKit/537.36 (KHTML, like Gecko) Chrome/67.0.3396.99 Safari/537.36'
    'HTTP_UPGRADE_INSECURE_REQUESTS' => '1'
    'HTTP_CACHE_CONTROL' => 'max-age=0'
    'HTTP_CONNECTION' => 'keep-alive'
    'HTTP_HOST' => 'localhost'
    'REDIRECT_STATUS' => '200'
    'SERVER_NAME' => 'gs.local'
    'SERVER_PORT' => '80'
    'SERVER_ADDR' => '172.18.0.4'
    'REMOTE_PORT' => '56928'
    'REMOTE_ADDR' => '172.18.0.1'
    'SERVER_SOFTWARE' => 'nginx/1.11.1'
    'GATEWAY_INTERFACE' => 'CGI/1.1'
    'REQUEST_SCHEME' => 'http'
    'SERVER_PROTOCOL' => 'HTTP/1.1'
    'DOCUMENT_ROOT' => '/var/www/web'
    'DOCUMENT_URI' => '/index.php'
    'REQUEST_URI' => '/person'
    'SCRIPT_NAME' => '/index.php'
    'CONTENT_LENGTH' => ''
    'CONTENT_TYPE' => ''
    'REQUEST_METHOD' => 'GET'
    'QUERY_STRING' => ''
    'SCRIPT_FILENAME' => '/var/www/web/index.php'
    'FCGI_ROLE' => 'RESPONDER'
    'PHP_SELF' => '/index.php'
    'REQUEST_TIME_FLOAT' => 1538568471.2377
    'REQUEST_TIME' => 1538568471
]
2018-10-03 15:14:51 [172.18.0.1][-][-][warning][yii\debug\Module::checkAccess] Access to debugger is denied due to IP address restriction. The requesting IP address is 172.18.0.1
2018-10-03 15:14:51 [172.18.0.1][-][-][info][application] $_GET = []

$_POST = []

$_FILES = []

$_COOKIE = [
    'PHPSESSID' => 'bb942e73798bf93ff8fdecdbc0a86035'
    '_csrf' => '8af717e5c76ba142aff61f2afa788b06387dbeb8ff693fac0288813c349c3c60a:2:{i:0;s:5:\"_csrf\";i:1;s:32:\"IdOXoKp45AKEVEjvPcN1RFPH17C5s_vt\";}'
]

$_SESSION = [
    '__flash' => []
]

$_SERVER = [
    'USER' => 'root'
    'HOME' => '/root'
    'HTTP_COOKIE' => 'PHPSESSID=bb942e73798bf93ff8fdecdbc0a86035; _csrf=8af717e5c76ba142aff61f2afa788b06387dbeb8ff693fac0288813c349c3c60a%3A2%3A%7Bi%3A0%3Bs%3A5%3A%22_csrf%22%3Bi%3A1%3Bs%3A32%3A%22IdOXoKp45AKEVEjvPcN1RFPH17C5s_vt%22%3B%7D'
    'HTTP_ACCEPT_LANGUAGE' => 'ru-RU,ru;q=0.9,en-US;q=0.8,en;q=0.7'
    'HTTP_ACCEPT_ENCODING' => 'gzip, deflate, br'
    'HTTP_ACCEPT' => 'text/html,application/xhtml+xml,application/xml;q=0.9,image/webp,image/apng,*/*;q=0.8'
    'HTTP_USER_AGENT' => 'Mozilla/5.0 (Windows NT 10.0; WOW64) AppleWebKit/537.36 (KHTML, like Gecko) Chrome/67.0.3396.99 Safari/537.36'
    'HTTP_UPGRADE_INSECURE_REQUESTS' => '1'
    'HTTP_CACHE_CONTROL' => 'max-age=0'
    'HTTP_CONNECTION' => 'keep-alive'
    'HTTP_HOST' => 'localhost'
    'REDIRECT_STATUS' => '200'
    'SERVER_NAME' => 'gs.local'
    'SERVER_PORT' => '80'
    'SERVER_ADDR' => '172.18.0.4'
    'REMOTE_PORT' => '56938'
    'REMOTE_ADDR' => '172.18.0.1'
    'SERVER_SOFTWARE' => 'nginx/1.11.1'
    'GATEWAY_INTERFACE' => 'CGI/1.1'
    'REQUEST_SCHEME' => 'http'
    'SERVER_PROTOCOL' => 'HTTP/1.1'
    'DOCUMENT_ROOT' => '/var/www/web'
    'DOCUMENT_URI' => '/index.php'
    'REQUEST_URI' => '/person'
    'SCRIPT_NAME' => '/index.php'
    'CONTENT_LENGTH' => ''
    'CONTENT_TYPE' => ''
    'REQUEST_METHOD' => 'GET'
    'QUERY_STRING' => ''
    'SCRIPT_FILENAME' => '/var/www/web/index.php'
    'FCGI_ROLE' => 'RESPONDER'
    'PHP_SELF' => '/index.php'
    'REQUEST_TIME_FLOAT' => 1538568891.0438
    'REQUEST_TIME' => 1538568891
]
2018-10-03 15:40:45 [172.18.0.1][-][bb942e73798bf93ff8fdecdbc0a86035][error][yii\base\ErrorException:8] yii\base\ErrorException: Undefined variable: person in /var/www/repositories/PersonRepository.php:37
Stack trace:
#0 /var/www/repositories/PersonRepository.php(37): yii\base\ErrorHandler->handleError(8, 'Undefined varia...', '/var/www/reposi...', 37, Array)
#1 /var/www/controllers/PersonController.php(21): app\repositories\PersonRepository->getSortedPersons(NULL, 'first_name')
#2 [internal function]: app\controllers\PersonController->actionIndex()
#3 /var/www/vendor/yiisoft/yii2/base/InlineAction.php(57): call_user_func_array(Array, Array)
#4 /var/www/vendor/yiisoft/yii2/base/Controller.php(157): yii\base\InlineAction->runWithParams(Array)
#5 /var/www/vendor/yiisoft/yii2/base/Module.php(528): yii\base\Controller->runAction('', Array)
#6 /var/www/vendor/yiisoft/yii2/web/Application.php(103): yii\base\Module->runAction('person', Array)
#7 /var/www/vendor/yiisoft/yii2/base/Application.php(386): yii\web\Application->handleRequest(Object(yii\web\Request))
#8 /var/www/web/index.php(12): yii\base\Application->run()
#9 {main}
2018-10-03 15:40:45 [172.18.0.1][-][bb942e73798bf93ff8fdecdbc0a86035][warning][yii\debug\Module::checkAccess] Access to debugger is denied due to IP address restriction. The requesting IP address is 172.18.0.1
2018-10-03 15:40:44 [172.18.0.1][-][bb942e73798bf93ff8fdecdbc0a86035][info][application] $_GET = []

$_POST = []

$_FILES = []

$_COOKIE = [
    'PHPSESSID' => 'bb942e73798bf93ff8fdecdbc0a86035'
    '_csrf' => '8af717e5c76ba142aff61f2afa788b06387dbeb8ff693fac0288813c349c3c60a:2:{i:0;s:5:\"_csrf\";i:1;s:32:\"IdOXoKp45AKEVEjvPcN1RFPH17C5s_vt\";}'
]

$_SESSION = [
    '__flash' => []
]

$_SERVER = [
    'USER' => 'root'
    'HOME' => '/root'
    'HTTP_COOKIE' => 'PHPSESSID=bb942e73798bf93ff8fdecdbc0a86035; _csrf=8af717e5c76ba142aff61f2afa788b06387dbeb8ff693fac0288813c349c3c60a%3A2%3A%7Bi%3A0%3Bs%3A5%3A%22_csrf%22%3Bi%3A1%3Bs%3A32%3A%22IdOXoKp45AKEVEjvPcN1RFPH17C5s_vt%22%3B%7D'
    'HTTP_ACCEPT_LANGUAGE' => 'ru-RU,ru;q=0.9,en-US;q=0.8,en;q=0.7'
    'HTTP_ACCEPT_ENCODING' => 'gzip, deflate, br'
    'HTTP_ACCEPT' => 'text/html,application/xhtml+xml,application/xml;q=0.9,image/webp,image/apng,*/*;q=0.8'
    'HTTP_USER_AGENT' => 'Mozilla/5.0 (Windows NT 10.0; WOW64) AppleWebKit/537.36 (KHTML, like Gecko) Chrome/67.0.3396.99 Safari/537.36'
    'HTTP_UPGRADE_INSECURE_REQUESTS' => '1'
    'HTTP_CACHE_CONTROL' => 'max-age=0'
    'HTTP_CONNECTION' => 'keep-alive'
    'HTTP_HOST' => 'localhost'
    'REDIRECT_STATUS' => '200'
    'SERVER_NAME' => 'gs.local'
    'SERVER_PORT' => '80'
    'SERVER_ADDR' => '172.18.0.4'
    'REMOTE_PORT' => '56946'
    'REMOTE_ADDR' => '172.18.0.1'
    'SERVER_SOFTWARE' => 'nginx/1.11.1'
    'GATEWAY_INTERFACE' => 'CGI/1.1'
    'REQUEST_SCHEME' => 'http'
    'SERVER_PROTOCOL' => 'HTTP/1.1'
    'DOCUMENT_ROOT' => '/var/www/web'
    'DOCUMENT_URI' => '/index.php'
    'REQUEST_URI' => '/person'
    'SCRIPT_NAME' => '/index.php'
    'CONTENT_LENGTH' => ''
    'CONTENT_TYPE' => ''
    'REQUEST_METHOD' => 'GET'
    'QUERY_STRING' => ''
    'SCRIPT_FILENAME' => '/var/www/web/index.php'
    'FCGI_ROLE' => 'RESPONDER'
    'PHP_SELF' => '/index.php'
    'REQUEST_TIME_FLOAT' => 1538570444.8777
    'REQUEST_TIME' => 1538570444
]
2018-10-03 15:41:10 [172.18.0.1][-][-][warning][yii\debug\Module::checkAccess] Access to debugger is denied due to IP address restriction. The requesting IP address is 172.18.0.1
2018-10-03 15:41:09 [172.18.0.1][-][-][info][application] $_GET = []

$_POST = []

$_FILES = []

$_COOKIE = [
    'PHPSESSID' => 'bb942e73798bf93ff8fdecdbc0a86035'
    '_csrf' => '8af717e5c76ba142aff61f2afa788b06387dbeb8ff693fac0288813c349c3c60a:2:{i:0;s:5:\"_csrf\";i:1;s:32:\"IdOXoKp45AKEVEjvPcN1RFPH17C5s_vt\";}'
]

$_SESSION = [
    '__flash' => []
]

$_SERVER = [
    'USER' => 'root'
    'HOME' => '/root'
    'HTTP_COOKIE' => 'PHPSESSID=bb942e73798bf93ff8fdecdbc0a86035; _csrf=8af717e5c76ba142aff61f2afa788b06387dbeb8ff693fac0288813c349c3c60a%3A2%3A%7Bi%3A0%3Bs%3A5%3A%22_csrf%22%3Bi%3A1%3Bs%3A32%3A%22IdOXoKp45AKEVEjvPcN1RFPH17C5s_vt%22%3B%7D'
    'HTTP_ACCEPT_LANGUAGE' => 'ru-RU,ru;q=0.9,en-US;q=0.8,en;q=0.7'
    'HTTP_ACCEPT_ENCODING' => 'gzip, deflate, br'
    'HTTP_ACCEPT' => 'text/html,application/xhtml+xml,application/xml;q=0.9,image/webp,image/apng,*/*;q=0.8'
    'HTTP_USER_AGENT' => 'Mozilla/5.0 (Windows NT 10.0; WOW64) AppleWebKit/537.36 (KHTML, like Gecko) Chrome/67.0.3396.99 Safari/537.36'
    'HTTP_UPGRADE_INSECURE_REQUESTS' => '1'
    'HTTP_CACHE_CONTROL' => 'max-age=0'
    'HTTP_CONNECTION' => 'keep-alive'
    'HTTP_HOST' => 'localhost'
    'REDIRECT_STATUS' => '200'
    'SERVER_NAME' => 'gs.local'
    'SERVER_PORT' => '80'
    'SERVER_ADDR' => '172.18.0.4'
    'REMOTE_PORT' => '56946'
    'REMOTE_ADDR' => '172.18.0.1'
    'SERVER_SOFTWARE' => 'nginx/1.11.1'
    'GATEWAY_INTERFACE' => 'CGI/1.1'
    'REQUEST_SCHEME' => 'http'
    'SERVER_PROTOCOL' => 'HTTP/1.1'
    'DOCUMENT_ROOT' => '/var/www/web'
    'DOCUMENT_URI' => '/index.php'
    'REQUEST_URI' => '/person'
    'SCRIPT_NAME' => '/index.php'
    'CONTENT_LENGTH' => ''
    'CONTENT_TYPE' => ''
    'REQUEST_METHOD' => 'GET'
    'QUERY_STRING' => ''
    'SCRIPT_FILENAME' => '/var/www/web/index.php'
    'FCGI_ROLE' => 'RESPONDER'
    'PHP_SELF' => '/index.php'
    'REQUEST_TIME_FLOAT' => 1538570469.8359
    'REQUEST_TIME' => 1538570469
]
2018-10-03 15:53:45 [172.18.0.1][-][bb942e73798bf93ff8fdecdbc0a86035][error][ReflectionException] ParseError: syntax error, unexpected '?', expecting variable (T_VARIABLE) in /var/www/repositories/PersonRepository.php:17
Stack trace:
#0 [internal function]: yii\BaseYii::autoload('app\\repositorie...')
#1 [internal function]: spl_autoload_call('app\\repositorie...')
#2 /var/www/vendor/yiisoft/yii2/di/Container.php(438): ReflectionParameter->getClass()
#3 /var/www/vendor/yiisoft/yii2/di/Container.php(364): yii\di\Container->getDependencies('app\\controllers...')
#4 /var/www/vendor/yiisoft/yii2/di/Container.php(156): yii\di\Container->build('app\\controllers...', Array, Array)
#5 /var/www/vendor/yiisoft/yii2/BaseYii.php(345): yii\di\Container->get('app\\controllers...', Array)
#6 /var/www/vendor/yiisoft/yii2/base/Module.php(642): yii\BaseYii::createObject('app\\controllers...', Array)
#7 /var/www/vendor/yiisoft/yii2/base/Module.php(596): yii\base\Module->createControllerByID('person')
#8 /var/www/vendor/yiisoft/yii2/base/Module.php(522): yii\base\Module->createController('')
#9 /var/www/vendor/yiisoft/yii2/web/Application.php(103): yii\base\Module->runAction('person', Array)
#10 /var/www/vendor/yiisoft/yii2/base/Application.php(386): yii\web\Application->handleRequest(Object(yii\web\Request))
#11 /var/www/web/index.php(12): yii\base\Application->run()
#12 {main}

Next ReflectionException: Class app\repositories\PersonRepository does not exist in /var/www/vendor/yiisoft/yii2/di/Container.php:438
Stack trace:
#0 /var/www/vendor/yiisoft/yii2/di/Container.php(438): ReflectionParameter->getClass()
#1 /var/www/vendor/yiisoft/yii2/di/Container.php(364): yii\di\Container->getDependencies('app\\controllers...')
#2 /var/www/vendor/yiisoft/yii2/di/Container.php(156): yii\di\Container->build('app\\controllers...', Array, Array)
#3 /var/www/vendor/yiisoft/yii2/BaseYii.php(345): yii\di\Container->get('app\\controllers...', Array)
#4 /var/www/vendor/yiisoft/yii2/base/Module.php(642): yii\BaseYii::createObject('app\\controllers...', Array)
#5 /var/www/vendor/yiisoft/yii2/base/Module.php(596): yii\base\Module->createControllerByID('person')
#6 /var/www/vendor/yiisoft/yii2/base/Module.php(522): yii\base\Module->createController('')
#7 /var/www/vendor/yiisoft/yii2/web/Application.php(103): yii\base\Module->runAction('person', Array)
#8 /var/www/vendor/yiisoft/yii2/base/Application.php(386): yii\web\Application->handleRequest(Object(yii\web\Request))
#9 /var/www/web/index.php(12): yii\base\Application->run()
#10 {main}
2018-10-03 15:53:45 [172.18.0.1][-][bb942e73798bf93ff8fdecdbc0a86035][warning][yii\debug\Module::checkAccess] Access to debugger is denied due to IP address restriction. The requesting IP address is 172.18.0.1
2018-10-03 15:53:45 [172.18.0.1][-][bb942e73798bf93ff8fdecdbc0a86035][warning][yii\debug\Module::checkAccess] Access to debugger is denied due to IP address restriction. The requesting IP address is 172.18.0.1
2018-10-03 15:53:45 [172.18.0.1][-][bb942e73798bf93ff8fdecdbc0a86035][info][application] $_GET = []

$_POST = []

$_FILES = []

$_COOKIE = [
    'PHPSESSID' => 'bb942e73798bf93ff8fdecdbc0a86035'
    '_csrf' => '8af717e5c76ba142aff61f2afa788b06387dbeb8ff693fac0288813c349c3c60a:2:{i:0;s:5:\"_csrf\";i:1;s:32:\"IdOXoKp45AKEVEjvPcN1RFPH17C5s_vt\";}'
]

$_SESSION = [
    '__flash' => []
]

$_SERVER = [
    'USER' => 'root'
    'HOME' => '/root'
    'HTTP_COOKIE' => 'PHPSESSID=bb942e73798bf93ff8fdecdbc0a86035; _csrf=8af717e5c76ba142aff61f2afa788b06387dbeb8ff693fac0288813c349c3c60a%3A2%3A%7Bi%3A0%3Bs%3A5%3A%22_csrf%22%3Bi%3A1%3Bs%3A32%3A%22IdOXoKp45AKEVEjvPcN1RFPH17C5s_vt%22%3B%7D'
    'HTTP_ACCEPT_LANGUAGE' => 'ru-RU,ru;q=0.9,en-US;q=0.8,en;q=0.7'
    'HTTP_ACCEPT_ENCODING' => 'gzip, deflate, br'
    'HTTP_ACCEPT' => 'text/html,application/xhtml+xml,application/xml;q=0.9,image/webp,image/apng,*/*;q=0.8'
    'HTTP_USER_AGENT' => 'Mozilla/5.0 (Windows NT 10.0; WOW64) AppleWebKit/537.36 (KHTML, like Gecko) Chrome/67.0.3396.99 Safari/537.36'
    'HTTP_UPGRADE_INSECURE_REQUESTS' => '1'
    'HTTP_CACHE_CONTROL' => 'max-age=0'
    'HTTP_CONNECTION' => 'keep-alive'
    'HTTP_HOST' => 'localhost'
    'REDIRECT_STATUS' => '200'
    'SERVER_NAME' => 'gs.local'
    'SERVER_PORT' => '80'
    'SERVER_ADDR' => '172.18.0.4'
    'REMOTE_PORT' => '56960'
    'REMOTE_ADDR' => '172.18.0.1'
    'SERVER_SOFTWARE' => 'nginx/1.11.1'
    'GATEWAY_INTERFACE' => 'CGI/1.1'
    'REQUEST_SCHEME' => 'http'
    'SERVER_PROTOCOL' => 'HTTP/1.1'
    'DOCUMENT_ROOT' => '/var/www/web'
    'DOCUMENT_URI' => '/index.php'
    'REQUEST_URI' => '/person'
    'SCRIPT_NAME' => '/index.php'
    'CONTENT_LENGTH' => ''
    'CONTENT_TYPE' => ''
    'REQUEST_METHOD' => 'GET'
    'QUERY_STRING' => ''
    'SCRIPT_FILENAME' => '/var/www/web/index.php'
    'FCGI_ROLE' => 'RESPONDER'
    'PHP_SELF' => '/index.php'
    'REQUEST_TIME_FLOAT' => 1538571225.702
    'REQUEST_TIME' => 1538571225
]
2018-10-03 15:54:10 [172.18.0.1][-][-][warning][yii\debug\Module::checkAccess] Access to debugger is denied due to IP address restriction. The requesting IP address is 172.18.0.1
2018-10-03 15:54:10 [172.18.0.1][-][-][info][application] $_GET = []

$_POST = []

$_FILES = []

$_COOKIE = [
    'PHPSESSID' => 'bb942e73798bf93ff8fdecdbc0a86035'
    '_csrf' => '8af717e5c76ba142aff61f2afa788b06387dbeb8ff693fac0288813c349c3c60a:2:{i:0;s:5:\"_csrf\";i:1;s:32:\"IdOXoKp45AKEVEjvPcN1RFPH17C5s_vt\";}'
]

$_SESSION = [
    '__flash' => []
]

$_SERVER = [
    'USER' => 'root'
    'HOME' => '/root'
    'HTTP_COOKIE' => 'PHPSESSID=bb942e73798bf93ff8fdecdbc0a86035; _csrf=8af717e5c76ba142aff61f2afa788b06387dbeb8ff693fac0288813c349c3c60a%3A2%3A%7Bi%3A0%3Bs%3A5%3A%22_csrf%22%3Bi%3A1%3Bs%3A32%3A%22IdOXoKp45AKEVEjvPcN1RFPH17C5s_vt%22%3B%7D'
    'HTTP_ACCEPT_LANGUAGE' => 'ru-RU,ru;q=0.9,en-US;q=0.8,en;q=0.7'
    'HTTP_ACCEPT_ENCODING' => 'gzip, deflate, br'
    'HTTP_ACCEPT' => 'text/html,application/xhtml+xml,application/xml;q=0.9,image/webp,image/apng,*/*;q=0.8'
    'HTTP_USER_AGENT' => 'Mozilla/5.0 (Windows NT 10.0; WOW64) AppleWebKit/537.36 (KHTML, like Gecko) Chrome/67.0.3396.99 Safari/537.36'
    'HTTP_UPGRADE_INSECURE_REQUESTS' => '1'
    'HTTP_CACHE_CONTROL' => 'max-age=0'
    'HTTP_CONNECTION' => 'keep-alive'
    'HTTP_HOST' => 'localhost'
    'REDIRECT_STATUS' => '200'
    'SERVER_NAME' => 'gs.local'
    'SERVER_PORT' => '80'
    'SERVER_ADDR' => '172.18.0.4'
    'REMOTE_PORT' => '56960'
    'REMOTE_ADDR' => '172.18.0.1'
    'SERVER_SOFTWARE' => 'nginx/1.11.1'
    'GATEWAY_INTERFACE' => 'CGI/1.1'
    'REQUEST_SCHEME' => 'http'
    'SERVER_PROTOCOL' => 'HTTP/1.1'
    'DOCUMENT_ROOT' => '/var/www/web'
    'DOCUMENT_URI' => '/index.php'
    'REQUEST_URI' => '/person'
    'SCRIPT_NAME' => '/index.php'
    'CONTENT_LENGTH' => ''
    'CONTENT_TYPE' => ''
    'REQUEST_METHOD' => 'GET'
    'QUERY_STRING' => ''
    'SCRIPT_FILENAME' => '/var/www/web/index.php'
    'FCGI_ROLE' => 'RESPONDER'
    'PHP_SELF' => '/index.php'
    'REQUEST_TIME_FLOAT' => 1538571250.1062
    'REQUEST_TIME' => 1538571250
]
2018-10-03 15:55:06 [172.18.0.1][-][-][warning][yii\debug\Module::checkAccess] Access to debugger is denied due to IP address restriction. The requesting IP address is 172.18.0.1
2018-10-03 15:55:06 [172.18.0.1][-][-][info][application] $_GET = []

$_POST = []

$_FILES = []

$_COOKIE = [
    'PHPSESSID' => 'bb942e73798bf93ff8fdecdbc0a86035'
    '_csrf' => '8af717e5c76ba142aff61f2afa788b06387dbeb8ff693fac0288813c349c3c60a:2:{i:0;s:5:\"_csrf\";i:1;s:32:\"IdOXoKp45AKEVEjvPcN1RFPH17C5s_vt\";}'
]

$_SESSION = [
    '__flash' => []
]

$_SERVER = [
    'USER' => 'root'
    'HOME' => '/root'
    'HTTP_COOKIE' => 'PHPSESSID=bb942e73798bf93ff8fdecdbc0a86035; _csrf=8af717e5c76ba142aff61f2afa788b06387dbeb8ff693fac0288813c349c3c60a%3A2%3A%7Bi%3A0%3Bs%3A5%3A%22_csrf%22%3Bi%3A1%3Bs%3A32%3A%22IdOXoKp45AKEVEjvPcN1RFPH17C5s_vt%22%3B%7D'
    'HTTP_ACCEPT_LANGUAGE' => 'ru-RU,ru;q=0.9,en-US;q=0.8,en;q=0.7'
    'HTTP_ACCEPT_ENCODING' => 'gzip, deflate, br'
    'HTTP_ACCEPT' => 'text/html,application/xhtml+xml,application/xml;q=0.9,image/webp,image/apng,*/*;q=0.8'
    'HTTP_USER_AGENT' => 'Mozilla/5.0 (Windows NT 10.0; WOW64) AppleWebKit/537.36 (KHTML, like Gecko) Chrome/67.0.3396.99 Safari/537.36'
    'HTTP_UPGRADE_INSECURE_REQUESTS' => '1'
    'HTTP_CACHE_CONTROL' => 'max-age=0'
    'HTTP_CONNECTION' => 'keep-alive'
    'HTTP_HOST' => 'localhost'
    'REDIRECT_STATUS' => '200'
    'SERVER_NAME' => 'gs.local'
    'SERVER_PORT' => '80'
    'SERVER_ADDR' => '172.18.0.4'
    'REMOTE_PORT' => '56960'
    'REMOTE_ADDR' => '172.18.0.1'
    'SERVER_SOFTWARE' => 'nginx/1.11.1'
    'GATEWAY_INTERFACE' => 'CGI/1.1'
    'REQUEST_SCHEME' => 'http'
    'SERVER_PROTOCOL' => 'HTTP/1.1'
    'DOCUMENT_ROOT' => '/var/www/web'
    'DOCUMENT_URI' => '/index.php'
    'REQUEST_URI' => '/person'
    'SCRIPT_NAME' => '/index.php'
    'CONTENT_LENGTH' => ''
    'CONTENT_TYPE' => ''
    'REQUEST_METHOD' => 'GET'
    'QUERY_STRING' => ''
    'SCRIPT_FILENAME' => '/var/www/web/index.php'
    'FCGI_ROLE' => 'RESPONDER'
    'PHP_SELF' => '/index.php'
    'REQUEST_TIME_FLOAT' => 1538571306.2859
    'REQUEST_TIME' => 1538571306
]
2018-10-03 15:55:44 [172.18.0.1][-][-][warning][yii\debug\Module::checkAccess] Access to debugger is denied due to IP address restriction. The requesting IP address is 172.18.0.1
2018-10-03 15:55:44 [172.18.0.1][-][-][info][application] $_GET = []

$_POST = []

$_FILES = []

$_COOKIE = [
    'PHPSESSID' => 'bb942e73798bf93ff8fdecdbc0a86035'
    '_csrf' => '8af717e5c76ba142aff61f2afa788b06387dbeb8ff693fac0288813c349c3c60a:2:{i:0;s:5:\"_csrf\";i:1;s:32:\"IdOXoKp45AKEVEjvPcN1RFPH17C5s_vt\";}'
]

$_SESSION = [
    '__flash' => []
]

$_SERVER = [
    'USER' => 'root'
    'HOME' => '/root'
    'HTTP_COOKIE' => 'PHPSESSID=bb942e73798bf93ff8fdecdbc0a86035; _csrf=8af717e5c76ba142aff61f2afa788b06387dbeb8ff693fac0288813c349c3c60a%3A2%3A%7Bi%3A0%3Bs%3A5%3A%22_csrf%22%3Bi%3A1%3Bs%3A32%3A%22IdOXoKp45AKEVEjvPcN1RFPH17C5s_vt%22%3B%7D'
    'HTTP_ACCEPT_LANGUAGE' => 'ru-RU,ru;q=0.9,en-US;q=0.8,en;q=0.7'
    'HTTP_ACCEPT_ENCODING' => 'gzip, deflate, br'
    'HTTP_ACCEPT' => 'text/html,application/xhtml+xml,application/xml;q=0.9,image/webp,image/apng,*/*;q=0.8'
    'HTTP_USER_AGENT' => 'Mozilla/5.0 (Windows NT 10.0; WOW64) AppleWebKit/537.36 (KHTML, like Gecko) Chrome/67.0.3396.99 Safari/537.36'
    'HTTP_UPGRADE_INSECURE_REQUESTS' => '1'
    'HTTP_CACHE_CONTROL' => 'max-age=0'
    'HTTP_CONNECTION' => 'keep-alive'
    'HTTP_HOST' => 'localhost'
    'REDIRECT_STATUS' => '200'
    'SERVER_NAME' => 'gs.local'
    'SERVER_PORT' => '80'
    'SERVER_ADDR' => '172.18.0.4'
    'REMOTE_PORT' => '56960'
    'REMOTE_ADDR' => '172.18.0.1'
    'SERVER_SOFTWARE' => 'nginx/1.11.1'
    'GATEWAY_INTERFACE' => 'CGI/1.1'
    'REQUEST_SCHEME' => 'http'
    'SERVER_PROTOCOL' => 'HTTP/1.1'
    'DOCUMENT_ROOT' => '/var/www/web'
    'DOCUMENT_URI' => '/index.php'
    'REQUEST_URI' => '/person'
    'SCRIPT_NAME' => '/index.php'
    'CONTENT_LENGTH' => ''
    'CONTENT_TYPE' => ''
    'REQUEST_METHOD' => 'GET'
    'QUERY_STRING' => ''
    'SCRIPT_FILENAME' => '/var/www/web/index.php'
    'FCGI_ROLE' => 'RESPONDER'
    'PHP_SELF' => '/index.php'
    'REQUEST_TIME_FLOAT' => 1538571344.0141
    'REQUEST_TIME' => 1538571344
]
2018-10-03 15:56:37 [172.18.0.1][-][bb942e73798bf93ff8fdecdbc0a86035][error][yii\base\ErrorException:2] yii\base\ErrorException: Invalid argument supplied for foreach() in /var/www/vendor/yiisoft/yii2/db/Query.php:1218
Stack trace:
#0 /var/www/vendor/yiisoft/yii2/db/Query.php(1218): yii\base\ErrorHandler->handleError(2, 'Invalid argumen...', '/var/www/vendor...', 1218, Array)
#1 /var/www/vendor/yiisoft/yii2/db/Query.php(825): yii\db\Query->addParams('last_name')
#2 /var/www/repositories/PersonRepository.php(41): yii\db\Query->orWhere('like', 'last_name', 'art')
#3 /var/www/controllers/PersonController.php(21): app\repositories\PersonRepository->getSortedPersons('art', 'first_name')
#4 [internal function]: app\controllers\PersonController->actionIndex()
#5 /var/www/vendor/yiisoft/yii2/base/InlineAction.php(57): call_user_func_array(Array, Array)
#6 /var/www/vendor/yiisoft/yii2/base/Controller.php(157): yii\base\InlineAction->runWithParams(Array)
#7 /var/www/vendor/yiisoft/yii2/base/Module.php(528): yii\base\Controller->runAction('', Array)
#8 /var/www/vendor/yiisoft/yii2/web/Application.php(103): yii\base\Module->runAction('person', Array)
#9 /var/www/vendor/yiisoft/yii2/base/Application.php(386): yii\web\Application->handleRequest(Object(yii\web\Request))
#10 /var/www/web/index.php(12): yii\base\Application->run()
#11 {main}
2018-10-03 15:56:37 [172.18.0.1][-][bb942e73798bf93ff8fdecdbc0a86035][warning][yii\debug\Module::checkAccess] Access to debugger is denied due to IP address restriction. The requesting IP address is 172.18.0.1
2018-10-03 15:56:37 [172.18.0.1][-][bb942e73798bf93ff8fdecdbc0a86035][info][application] $_GET = []

$_POST = []

$_FILES = []

$_COOKIE = [
    'PHPSESSID' => 'bb942e73798bf93ff8fdecdbc0a86035'
    '_csrf' => '8af717e5c76ba142aff61f2afa788b06387dbeb8ff693fac0288813c349c3c60a:2:{i:0;s:5:\"_csrf\";i:1;s:32:\"IdOXoKp45AKEVEjvPcN1RFPH17C5s_vt\";}'
]

$_SESSION = [
    '__flash' => []
]

$_SERVER = [
    'USER' => 'root'
    'HOME' => '/root'
    'HTTP_COOKIE' => 'PHPSESSID=bb942e73798bf93ff8fdecdbc0a86035; _csrf=8af717e5c76ba142aff61f2afa788b06387dbeb8ff693fac0288813c349c3c60a%3A2%3A%7Bi%3A0%3Bs%3A5%3A%22_csrf%22%3Bi%3A1%3Bs%3A32%3A%22IdOXoKp45AKEVEjvPcN1RFPH17C5s_vt%22%3B%7D'
    'HTTP_ACCEPT_LANGUAGE' => 'ru-RU,ru;q=0.9,en-US;q=0.8,en;q=0.7'
    'HTTP_ACCEPT_ENCODING' => 'gzip, deflate, br'
    'HTTP_ACCEPT' => 'text/html,application/xhtml+xml,application/xml;q=0.9,image/webp,image/apng,*/*;q=0.8'
    'HTTP_USER_AGENT' => 'Mozilla/5.0 (Windows NT 10.0; WOW64) AppleWebKit/537.36 (KHTML, like Gecko) Chrome/67.0.3396.99 Safari/537.36'
    'HTTP_UPGRADE_INSECURE_REQUESTS' => '1'
    'HTTP_CACHE_CONTROL' => 'max-age=0'
    'HTTP_CONNECTION' => 'keep-alive'
    'HTTP_HOST' => 'localhost'
    'REDIRECT_STATUS' => '200'
    'SERVER_NAME' => 'gs.local'
    'SERVER_PORT' => '80'
    'SERVER_ADDR' => '172.18.0.4'
    'REMOTE_PORT' => '56960'
    'REMOTE_ADDR' => '172.18.0.1'
    'SERVER_SOFTWARE' => 'nginx/1.11.1'
    'GATEWAY_INTERFACE' => 'CGI/1.1'
    'REQUEST_SCHEME' => 'http'
    'SERVER_PROTOCOL' => 'HTTP/1.1'
    'DOCUMENT_ROOT' => '/var/www/web'
    'DOCUMENT_URI' => '/index.php'
    'REQUEST_URI' => '/person'
    'SCRIPT_NAME' => '/index.php'
    'CONTENT_LENGTH' => ''
    'CONTENT_TYPE' => ''
    'REQUEST_METHOD' => 'GET'
    'QUERY_STRING' => ''
    'SCRIPT_FILENAME' => '/var/www/web/index.php'
    'FCGI_ROLE' => 'RESPONDER'
    'PHP_SELF' => '/index.php'
    'REQUEST_TIME_FLOAT' => 1538571396.9971
    'REQUEST_TIME' => 1538571396
]
2018-10-03 16:00:49 [172.18.0.1][-][-][warning][yii\debug\Module::checkAccess] Access to debugger is denied due to IP address restriction. The requesting IP address is 172.18.0.1
2018-10-03 16:00:49 [172.18.0.1][-][-][info][application] $_GET = []

$_POST = []

$_FILES = []

$_COOKIE = [
    'PHPSESSID' => 'bb942e73798bf93ff8fdecdbc0a86035'
    '_csrf' => '8af717e5c76ba142aff61f2afa788b06387dbeb8ff693fac0288813c349c3c60a:2:{i:0;s:5:\"_csrf\";i:1;s:32:\"IdOXoKp45AKEVEjvPcN1RFPH17C5s_vt\";}'
]

$_SESSION = [
    '__flash' => []
]

$_SERVER = [
    'USER' => 'root'
    'HOME' => '/root'
    'HTTP_COOKIE' => 'PHPSESSID=bb942e73798bf93ff8fdecdbc0a86035; _csrf=8af717e5c76ba142aff61f2afa788b06387dbeb8ff693fac0288813c349c3c60a%3A2%3A%7Bi%3A0%3Bs%3A5%3A%22_csrf%22%3Bi%3A1%3Bs%3A32%3A%22IdOXoKp45AKEVEjvPcN1RFPH17C5s_vt%22%3B%7D'
    'HTTP_ACCEPT_LANGUAGE' => 'ru-RU,ru;q=0.9,en-US;q=0.8,en;q=0.7'
    'HTTP_ACCEPT_ENCODING' => 'gzip, deflate, br'
    'HTTP_ACCEPT' => 'text/html,application/xhtml+xml,application/xml;q=0.9,image/webp,image/apng,*/*;q=0.8'
    'HTTP_USER_AGENT' => 'Mozilla/5.0 (Windows NT 10.0; WOW64) AppleWebKit/537.36 (KHTML, like Gecko) Chrome/67.0.3396.99 Safari/537.36'
    'HTTP_UPGRADE_INSECURE_REQUESTS' => '1'
    'HTTP_CACHE_CONTROL' => 'max-age=0'
    'HTTP_CONNECTION' => 'keep-alive'
    'HTTP_HOST' => 'localhost'
    'REDIRECT_STATUS' => '200'
    'SERVER_NAME' => 'gs.local'
    'SERVER_PORT' => '80'
    'SERVER_ADDR' => '172.18.0.4'
    'REMOTE_PORT' => '56998'
    'REMOTE_ADDR' => '172.18.0.1'
    'SERVER_SOFTWARE' => 'nginx/1.11.1'
    'GATEWAY_INTERFACE' => 'CGI/1.1'
    'REQUEST_SCHEME' => 'http'
    'SERVER_PROTOCOL' => 'HTTP/1.1'
    'DOCUMENT_ROOT' => '/var/www/web'
    'DOCUMENT_URI' => '/index.php'
    'REQUEST_URI' => '/person'
    'SCRIPT_NAME' => '/index.php'
    'CONTENT_LENGTH' => ''
    'CONTENT_TYPE' => ''
    'REQUEST_METHOD' => 'GET'
    'QUERY_STRING' => ''
    'SCRIPT_FILENAME' => '/var/www/web/index.php'
    'FCGI_ROLE' => 'RESPONDER'
    'PHP_SELF' => '/index.php'
    'REQUEST_TIME_FLOAT' => 1538571649.2583
    'REQUEST_TIME' => 1538571649
]
2018-10-03 16:06:21 [172.18.0.1][-][-][warning][yii\debug\Module::checkAccess] Access to debugger is denied due to IP address restriction. The requesting IP address is 172.18.0.1
2018-10-03 16:06:21 [172.18.0.1][-][-][info][application] $_GET = []

$_POST = []

$_FILES = []

$_COOKIE = [
    'PHPSESSID' => 'bb942e73798bf93ff8fdecdbc0a86035'
    '_csrf' => '8af717e5c76ba142aff61f2afa788b06387dbeb8ff693fac0288813c349c3c60a:2:{i:0;s:5:\"_csrf\";i:1;s:32:\"IdOXoKp45AKEVEjvPcN1RFPH17C5s_vt\";}'
]

$_SESSION = [
    '__flash' => []
]

$_SERVER = [
    'USER' => 'root'
    'HOME' => '/root'
    'HTTP_COOKIE' => 'PHPSESSID=bb942e73798bf93ff8fdecdbc0a86035; _csrf=8af717e5c76ba142aff61f2afa788b06387dbeb8ff693fac0288813c349c3c60a%3A2%3A%7Bi%3A0%3Bs%3A5%3A%22_csrf%22%3Bi%3A1%3Bs%3A32%3A%22IdOXoKp45AKEVEjvPcN1RFPH17C5s_vt%22%3B%7D'
    'HTTP_ACCEPT_LANGUAGE' => 'ru-RU,ru;q=0.9,en-US;q=0.8,en;q=0.7'
    'HTTP_ACCEPT_ENCODING' => 'gzip, deflate, br'
    'HTTP_ACCEPT' => 'text/html,application/xhtml+xml,application/xml;q=0.9,image/webp,image/apng,*/*;q=0.8'
    'HTTP_USER_AGENT' => 'Mozilla/5.0 (Windows NT 10.0; WOW64) AppleWebKit/537.36 (KHTML, like Gecko) Chrome/67.0.3396.99 Safari/537.36'
    'HTTP_UPGRADE_INSECURE_REQUESTS' => '1'
    'HTTP_CACHE_CONTROL' => 'max-age=0'
    'HTTP_CONNECTION' => 'keep-alive'
    'HTTP_HOST' => 'localhost'
    'REDIRECT_STATUS' => '200'
    'SERVER_NAME' => 'gs.local'
    'SERVER_PORT' => '80'
    'SERVER_ADDR' => '172.18.0.4'
    'REMOTE_PORT' => '57008'
    'REMOTE_ADDR' => '172.18.0.1'
    'SERVER_SOFTWARE' => 'nginx/1.11.1'
    'GATEWAY_INTERFACE' => 'CGI/1.1'
    'REQUEST_SCHEME' => 'http'
    'SERVER_PROTOCOL' => 'HTTP/1.1'
    'DOCUMENT_ROOT' => '/var/www/web'
    'DOCUMENT_URI' => '/index.php'
    'REQUEST_URI' => '/person'
    'SCRIPT_NAME' => '/index.php'
    'CONTENT_LENGTH' => ''
    'CONTENT_TYPE' => ''
    'REQUEST_METHOD' => 'GET'
    'QUERY_STRING' => ''
    'SCRIPT_FILENAME' => '/var/www/web/index.php'
    'FCGI_ROLE' => 'RESPONDER'
    'PHP_SELF' => '/index.php'
    'REQUEST_TIME_FLOAT' => 1538571981.3899
    'REQUEST_TIME' => 1538571981
]
2018-10-03 16:06:47 [172.18.0.1][-][-][warning][yii\debug\Module::checkAccess] Access to debugger is denied due to IP address restriction. The requesting IP address is 172.18.0.1
2018-10-03 16:06:46 [172.18.0.1][-][-][info][application] $_GET = []

$_POST = []

$_FILES = []

$_COOKIE = [
    'PHPSESSID' => 'bb942e73798bf93ff8fdecdbc0a86035'
    '_csrf' => '8af717e5c76ba142aff61f2afa788b06387dbeb8ff693fac0288813c349c3c60a:2:{i:0;s:5:\"_csrf\";i:1;s:32:\"IdOXoKp45AKEVEjvPcN1RFPH17C5s_vt\";}'
]

$_SESSION = [
    '__flash' => []
]

$_SERVER = [
    'USER' => 'root'
    'HOME' => '/root'
    'HTTP_COOKIE' => 'PHPSESSID=bb942e73798bf93ff8fdecdbc0a86035; _csrf=8af717e5c76ba142aff61f2afa788b06387dbeb8ff693fac0288813c349c3c60a%3A2%3A%7Bi%3A0%3Bs%3A5%3A%22_csrf%22%3Bi%3A1%3Bs%3A32%3A%22IdOXoKp45AKEVEjvPcN1RFPH17C5s_vt%22%3B%7D'
    'HTTP_ACCEPT_LANGUAGE' => 'ru-RU,ru;q=0.9,en-US;q=0.8,en;q=0.7'
    'HTTP_ACCEPT_ENCODING' => 'gzip, deflate, br'
    'HTTP_ACCEPT' => 'text/html,application/xhtml+xml,application/xml;q=0.9,image/webp,image/apng,*/*;q=0.8'
    'HTTP_USER_AGENT' => 'Mozilla/5.0 (Windows NT 10.0; WOW64) AppleWebKit/537.36 (KHTML, like Gecko) Chrome/67.0.3396.99 Safari/537.36'
    'HTTP_UPGRADE_INSECURE_REQUESTS' => '1'
    'HTTP_CACHE_CONTROL' => 'max-age=0'
    'HTTP_CONNECTION' => 'keep-alive'
    'HTTP_HOST' => 'localhost'
    'REDIRECT_STATUS' => '200'
    'SERVER_NAME' => 'gs.local'
    'SERVER_PORT' => '80'
    'SERVER_ADDR' => '172.18.0.4'
    'REMOTE_PORT' => '57008'
    'REMOTE_ADDR' => '172.18.0.1'
    'SERVER_SOFTWARE' => 'nginx/1.11.1'
    'GATEWAY_INTERFACE' => 'CGI/1.1'
    'REQUEST_SCHEME' => 'http'
    'SERVER_PROTOCOL' => 'HTTP/1.1'
    'DOCUMENT_ROOT' => '/var/www/web'
    'DOCUMENT_URI' => '/index.php'
    'REQUEST_URI' => '/person'
    'SCRIPT_NAME' => '/index.php'
    'CONTENT_LENGTH' => ''
    'CONTENT_TYPE' => ''
    'REQUEST_METHOD' => 'GET'
    'QUERY_STRING' => ''
    'SCRIPT_FILENAME' => '/var/www/web/index.php'
    'FCGI_ROLE' => 'RESPONDER'
    'PHP_SELF' => '/index.php'
    'REQUEST_TIME_FLOAT' => 1538572006.911
    'REQUEST_TIME' => 1538572006
]
2018-10-03 16:06:56 [172.18.0.1][-][-][warning][yii\debug\Module::checkAccess] Access to debugger is denied due to IP address restriction. The requesting IP address is 172.18.0.1
2018-10-03 16:06:55 [172.18.0.1][-][-][info][application] $_GET = []

$_POST = []

$_FILES = []

$_COOKIE = [
    'PHPSESSID' => 'bb942e73798bf93ff8fdecdbc0a86035'
    '_csrf' => '8af717e5c76ba142aff61f2afa788b06387dbeb8ff693fac0288813c349c3c60a:2:{i:0;s:5:\"_csrf\";i:1;s:32:\"IdOXoKp45AKEVEjvPcN1RFPH17C5s_vt\";}'
]

$_SESSION = [
    '__flash' => []
]

$_SERVER = [
    'USER' => 'root'
    'HOME' => '/root'
    'HTTP_COOKIE' => 'PHPSESSID=bb942e73798bf93ff8fdecdbc0a86035; _csrf=8af717e5c76ba142aff61f2afa788b06387dbeb8ff693fac0288813c349c3c60a%3A2%3A%7Bi%3A0%3Bs%3A5%3A%22_csrf%22%3Bi%3A1%3Bs%3A32%3A%22IdOXoKp45AKEVEjvPcN1RFPH17C5s_vt%22%3B%7D'
    'HTTP_ACCEPT_LANGUAGE' => 'ru-RU,ru;q=0.9,en-US;q=0.8,en;q=0.7'
    'HTTP_ACCEPT_ENCODING' => 'gzip, deflate, br'
    'HTTP_ACCEPT' => 'text/html,application/xhtml+xml,application/xml;q=0.9,image/webp,image/apng,*/*;q=0.8'
    'HTTP_USER_AGENT' => 'Mozilla/5.0 (Windows NT 10.0; WOW64) AppleWebKit/537.36 (KHTML, like Gecko) Chrome/67.0.3396.99 Safari/537.36'
    'HTTP_UPGRADE_INSECURE_REQUESTS' => '1'
    'HTTP_CACHE_CONTROL' => 'max-age=0'
    'HTTP_CONNECTION' => 'keep-alive'
    'HTTP_HOST' => 'localhost'
    'REDIRECT_STATUS' => '200'
    'SERVER_NAME' => 'gs.local'
    'SERVER_PORT' => '80'
    'SERVER_ADDR' => '172.18.0.4'
    'REMOTE_PORT' => '57008'
    'REMOTE_ADDR' => '172.18.0.1'
    'SERVER_SOFTWARE' => 'nginx/1.11.1'
    'GATEWAY_INTERFACE' => 'CGI/1.1'
    'REQUEST_SCHEME' => 'http'
    'SERVER_PROTOCOL' => 'HTTP/1.1'
    'DOCUMENT_ROOT' => '/var/www/web'
    'DOCUMENT_URI' => '/index.php'
    'REQUEST_URI' => '/person'
    'SCRIPT_NAME' => '/index.php'
    'CONTENT_LENGTH' => ''
    'CONTENT_TYPE' => ''
    'REQUEST_METHOD' => 'GET'
    'QUERY_STRING' => ''
    'SCRIPT_FILENAME' => '/var/www/web/index.php'
    'FCGI_ROLE' => 'RESPONDER'
    'PHP_SELF' => '/index.php'
    'REQUEST_TIME_FLOAT' => 1538572015.8231
    'REQUEST_TIME' => 1538572015
]
2018-10-03 16:07:58 [172.18.0.1][-][-][warning][yii\debug\Module::checkAccess] Access to debugger is denied due to IP address restriction. The requesting IP address is 172.18.0.1
2018-10-03 16:07:58 [172.18.0.1][-][-][info][application] $_GET = []

$_POST = []

$_FILES = []

$_COOKIE = [
    'PHPSESSID' => 'bb942e73798bf93ff8fdecdbc0a86035'
    '_csrf' => '8af717e5c76ba142aff61f2afa788b06387dbeb8ff693fac0288813c349c3c60a:2:{i:0;s:5:\"_csrf\";i:1;s:32:\"IdOXoKp45AKEVEjvPcN1RFPH17C5s_vt\";}'
]

$_SESSION = [
    '__flash' => []
]

$_SERVER = [
    'USER' => 'root'
    'HOME' => '/root'
    'HTTP_COOKIE' => 'PHPSESSID=bb942e73798bf93ff8fdecdbc0a86035; _csrf=8af717e5c76ba142aff61f2afa788b06387dbeb8ff693fac0288813c349c3c60a%3A2%3A%7Bi%3A0%3Bs%3A5%3A%22_csrf%22%3Bi%3A1%3Bs%3A32%3A%22IdOXoKp45AKEVEjvPcN1RFPH17C5s_vt%22%3B%7D'
    'HTTP_ACCEPT_LANGUAGE' => 'ru-RU,ru;q=0.9,en-US;q=0.8,en;q=0.7'
    'HTTP_ACCEPT_ENCODING' => 'gzip, deflate, br'
    'HTTP_ACCEPT' => 'text/html,application/xhtml+xml,application/xml;q=0.9,image/webp,image/apng,*/*;q=0.8'
    'HTTP_USER_AGENT' => 'Mozilla/5.0 (Windows NT 10.0; WOW64) AppleWebKit/537.36 (KHTML, like Gecko) Chrome/67.0.3396.99 Safari/537.36'
    'HTTP_UPGRADE_INSECURE_REQUESTS' => '1'
    'HTTP_CACHE_CONTROL' => 'max-age=0'
    'HTTP_CONNECTION' => 'keep-alive'
    'HTTP_HOST' => 'localhost'
    'REDIRECT_STATUS' => '200'
    'SERVER_NAME' => 'gs.local'
    'SERVER_PORT' => '80'
    'SERVER_ADDR' => '172.18.0.4'
    'REMOTE_PORT' => '57008'
    'REMOTE_ADDR' => '172.18.0.1'
    'SERVER_SOFTWARE' => 'nginx/1.11.1'
    'GATEWAY_INTERFACE' => 'CGI/1.1'
    'REQUEST_SCHEME' => 'http'
    'SERVER_PROTOCOL' => 'HTTP/1.1'
    'DOCUMENT_ROOT' => '/var/www/web'
    'DOCUMENT_URI' => '/index.php'
    'REQUEST_URI' => '/person'
    'SCRIPT_NAME' => '/index.php'
    'CONTENT_LENGTH' => ''
    'CONTENT_TYPE' => ''
    'REQUEST_METHOD' => 'GET'
    'QUERY_STRING' => ''
    'SCRIPT_FILENAME' => '/var/www/web/index.php'
    'FCGI_ROLE' => 'RESPONDER'
    'PHP_SELF' => '/index.php'
    'REQUEST_TIME_FLOAT' => 1538572078.5957
    'REQUEST_TIME' => 1538572078
]
2018-10-03 16:08:19 [172.18.0.1][-][-][warning][yii\debug\Module::checkAccess] Access to debugger is denied due to IP address restriction. The requesting IP address is 172.18.0.1
2018-10-03 16:08:18 [172.18.0.1][-][-][info][application] $_GET = []

$_POST = []

$_FILES = []

$_COOKIE = [
    'PHPSESSID' => 'bb942e73798bf93ff8fdecdbc0a86035'
    '_csrf' => '8af717e5c76ba142aff61f2afa788b06387dbeb8ff693fac0288813c349c3c60a:2:{i:0;s:5:\"_csrf\";i:1;s:32:\"IdOXoKp45AKEVEjvPcN1RFPH17C5s_vt\";}'
]

$_SESSION = [
    '__flash' => []
]

$_SERVER = [
    'USER' => 'root'
    'HOME' => '/root'
    'HTTP_COOKIE' => 'PHPSESSID=bb942e73798bf93ff8fdecdbc0a86035; _csrf=8af717e5c76ba142aff61f2afa788b06387dbeb8ff693fac0288813c349c3c60a%3A2%3A%7Bi%3A0%3Bs%3A5%3A%22_csrf%22%3Bi%3A1%3Bs%3A32%3A%22IdOXoKp45AKEVEjvPcN1RFPH17C5s_vt%22%3B%7D'
    'HTTP_ACCEPT_LANGUAGE' => 'ru-RU,ru;q=0.9,en-US;q=0.8,en;q=0.7'
    'HTTP_ACCEPT_ENCODING' => 'gzip, deflate, br'
    'HTTP_ACCEPT' => 'text/html,application/xhtml+xml,application/xml;q=0.9,image/webp,image/apng,*/*;q=0.8'
    'HTTP_USER_AGENT' => 'Mozilla/5.0 (Windows NT 10.0; WOW64) AppleWebKit/537.36 (KHTML, like Gecko) Chrome/67.0.3396.99 Safari/537.36'
    'HTTP_UPGRADE_INSECURE_REQUESTS' => '1'
    'HTTP_CACHE_CONTROL' => 'max-age=0'
    'HTTP_CONNECTION' => 'keep-alive'
    'HTTP_HOST' => 'localhost'
    'REDIRECT_STATUS' => '200'
    'SERVER_NAME' => 'gs.local'
    'SERVER_PORT' => '80'
    'SERVER_ADDR' => '172.18.0.4'
    'REMOTE_PORT' => '57008'
    'REMOTE_ADDR' => '172.18.0.1'
    'SERVER_SOFTWARE' => 'nginx/1.11.1'
    'GATEWAY_INTERFACE' => 'CGI/1.1'
    'REQUEST_SCHEME' => 'http'
    'SERVER_PROTOCOL' => 'HTTP/1.1'
    'DOCUMENT_ROOT' => '/var/www/web'
    'DOCUMENT_URI' => '/index.php'
    'REQUEST_URI' => '/person'
    'SCRIPT_NAME' => '/index.php'
    'CONTENT_LENGTH' => ''
    'CONTENT_TYPE' => ''
    'REQUEST_METHOD' => 'GET'
    'QUERY_STRING' => ''
    'SCRIPT_FILENAME' => '/var/www/web/index.php'
    'FCGI_ROLE' => 'RESPONDER'
    'PHP_SELF' => '/index.php'
    'REQUEST_TIME_FLOAT' => 1538572098.8215
    'REQUEST_TIME' => 1538572098
]
2018-10-03 16:45:56 [172.18.0.1][-][-][warning][yii\debug\Module::checkAccess] Access to debugger is denied due to IP address restriction. The requesting IP address is 172.18.0.1
2018-10-03 16:45:56 [172.18.0.1][-][-][info][application] $_GET = []

$_POST = []

$_FILES = []

$_COOKIE = [
    'PHPSESSID' => 'bb942e73798bf93ff8fdecdbc0a86035'
    '_csrf' => '8af717e5c76ba142aff61f2afa788b06387dbeb8ff693fac0288813c349c3c60a:2:{i:0;s:5:\"_csrf\";i:1;s:32:\"IdOXoKp45AKEVEjvPcN1RFPH17C5s_vt\";}'
]

$_SESSION = [
    '__flash' => []
]

$_SERVER = [
    'USER' => 'root'
    'HOME' => '/root'
    'HTTP_COOKIE' => 'PHPSESSID=bb942e73798bf93ff8fdecdbc0a86035; _csrf=8af717e5c76ba142aff61f2afa788b06387dbeb8ff693fac0288813c349c3c60a%3A2%3A%7Bi%3A0%3Bs%3A5%3A%22_csrf%22%3Bi%3A1%3Bs%3A32%3A%22IdOXoKp45AKEVEjvPcN1RFPH17C5s_vt%22%3B%7D'
    'HTTP_ACCEPT_LANGUAGE' => 'ru-RU,ru;q=0.9,en-US;q=0.8,en;q=0.7'
    'HTTP_ACCEPT_ENCODING' => 'gzip, deflate, br'
    'HTTP_ACCEPT' => 'text/html,application/xhtml+xml,application/xml;q=0.9,image/webp,image/apng,*/*;q=0.8'
    'HTTP_USER_AGENT' => 'Mozilla/5.0 (Windows NT 10.0; WOW64) AppleWebKit/537.36 (KHTML, like Gecko) Chrome/67.0.3396.99 Safari/537.36'
    'HTTP_UPGRADE_INSECURE_REQUESTS' => '1'
    'HTTP_CACHE_CONTROL' => 'max-age=0'
    'HTTP_CONNECTION' => 'keep-alive'
    'HTTP_HOST' => 'localhost'
    'REDIRECT_STATUS' => '200'
    'SERVER_NAME' => 'gs.local'
    'SERVER_PORT' => '80'
    'SERVER_ADDR' => '172.18.0.4'
    'REMOTE_PORT' => '57050'
    'REMOTE_ADDR' => '172.18.0.1'
    'SERVER_SOFTWARE' => 'nginx/1.11.1'
    'GATEWAY_INTERFACE' => 'CGI/1.1'
    'REQUEST_SCHEME' => 'http'
    'SERVER_PROTOCOL' => 'HTTP/1.1'
    'DOCUMENT_ROOT' => '/var/www/web'
    'DOCUMENT_URI' => '/index.php'
    'REQUEST_URI' => '/person'
    'SCRIPT_NAME' => '/index.php'
    'CONTENT_LENGTH' => ''
    'CONTENT_TYPE' => ''
    'REQUEST_METHOD' => 'GET'
    'QUERY_STRING' => ''
    'SCRIPT_FILENAME' => '/var/www/web/index.php'
    'FCGI_ROLE' => 'RESPONDER'
    'PHP_SELF' => '/index.php'
    'REQUEST_TIME_FLOAT' => 1538574356.6784
    'REQUEST_TIME' => 1538574356
]
2018-10-03 16:46:01 [172.18.0.1][-][-][warning][yii\debug\Module::checkAccess] Access to debugger is denied due to IP address restriction. The requesting IP address is 172.18.0.1
    in /var/www/views/layouts/main.php:78
    in /var/www/controllers/SiteController.php:64
2018-10-03 16:46:01 [172.18.0.1][-][-][warning][yii\debug\Module::checkAccess] Access to debugger is denied due to IP address restriction. The requesting IP address is 172.18.0.1
2018-10-03 16:46:01 [172.18.0.1][-][-][info][application] $_GET = []

$_POST = []

$_FILES = []

$_COOKIE = [
    'PHPSESSID' => 'bb942e73798bf93ff8fdecdbc0a86035'
    '_csrf' => '8af717e5c76ba142aff61f2afa788b06387dbeb8ff693fac0288813c349c3c60a:2:{i:0;s:5:\"_csrf\";i:1;s:32:\"IdOXoKp45AKEVEjvPcN1RFPH17C5s_vt\";}'
]

$_SESSION = [
    '__flash' => []
]

$_SERVER = [
    'USER' => 'root'
    'HOME' => '/root'
    'HTTP_COOKIE' => 'PHPSESSID=bb942e73798bf93ff8fdecdbc0a86035; _csrf=8af717e5c76ba142aff61f2afa788b06387dbeb8ff693fac0288813c349c3c60a%3A2%3A%7Bi%3A0%3Bs%3A5%3A%22_csrf%22%3Bi%3A1%3Bs%3A32%3A%22IdOXoKp45AKEVEjvPcN1RFPH17C5s_vt%22%3B%7D'
    'HTTP_ACCEPT_LANGUAGE' => 'ru-RU,ru;q=0.9,en-US;q=0.8,en;q=0.7'
    'HTTP_ACCEPT_ENCODING' => 'gzip, deflate, br'
    'HTTP_ACCEPT' => 'text/html,application/xhtml+xml,application/xml;q=0.9,image/webp,image/apng,*/*;q=0.8'
    'HTTP_USER_AGENT' => 'Mozilla/5.0 (Windows NT 10.0; WOW64) AppleWebKit/537.36 (KHTML, like Gecko) Chrome/67.0.3396.99 Safari/537.36'
    'HTTP_UPGRADE_INSECURE_REQUESTS' => '1'
    'HTTP_CONNECTION' => 'keep-alive'
    'HTTP_HOST' => 'localhost'
    'REDIRECT_STATUS' => '200'
    'SERVER_NAME' => 'gs.local'
    'SERVER_PORT' => '80'
    'SERVER_ADDR' => '172.18.0.4'
    'REMOTE_PORT' => '57050'
    'REMOTE_ADDR' => '172.18.0.1'
    'SERVER_SOFTWARE' => 'nginx/1.11.1'
    'GATEWAY_INTERFACE' => 'CGI/1.1'
    'REQUEST_SCHEME' => 'http'
    'SERVER_PROTOCOL' => 'HTTP/1.1'
    'DOCUMENT_ROOT' => '/var/www/web'
    'DOCUMENT_URI' => '/index.php'
    'REQUEST_URI' => '/'
    'SCRIPT_NAME' => '/index.php'
    'CONTENT_LENGTH' => ''
    'CONTENT_TYPE' => ''
    'REQUEST_METHOD' => 'GET'
    'QUERY_STRING' => ''
    'SCRIPT_FILENAME' => '/var/www/web/index.php'
    'FCGI_ROLE' => 'RESPONDER'
    'PHP_SELF' => '/index.php'
    'REQUEST_TIME_FLOAT' => 1538574361.7065
    'REQUEST_TIME' => 1538574361
]
2018-10-03 16:47:33 [172.18.0.1][-][-][warning][yii\debug\Module::checkAccess] Access to debugger is denied due to IP address restriction. The requesting IP address is 172.18.0.1
    in /var/www/views/layouts/main.php:77
    in /var/www/controllers/SiteController.php:64
2018-10-03 16:47:33 [172.18.0.1][-][-][warning][yii\debug\Module::checkAccess] Access to debugger is denied due to IP address restriction. The requesting IP address is 172.18.0.1
2018-10-03 16:47:32 [172.18.0.1][-][-][info][application] $_GET = []

$_POST = []

$_FILES = []

$_COOKIE = [
    'PHPSESSID' => 'bb942e73798bf93ff8fdecdbc0a86035'
    '_csrf' => '8af717e5c76ba142aff61f2afa788b06387dbeb8ff693fac0288813c349c3c60a:2:{i:0;s:5:\"_csrf\";i:1;s:32:\"IdOXoKp45AKEVEjvPcN1RFPH17C5s_vt\";}'
]

$_SESSION = [
    '__flash' => []
]

$_SERVER = [
    'USER' => 'root'
    'HOME' => '/root'
    'HTTP_COOKIE' => 'PHPSESSID=bb942e73798bf93ff8fdecdbc0a86035; _csrf=8af717e5c76ba142aff61f2afa788b06387dbeb8ff693fac0288813c349c3c60a%3A2%3A%7Bi%3A0%3Bs%3A5%3A%22_csrf%22%3Bi%3A1%3Bs%3A32%3A%22IdOXoKp45AKEVEjvPcN1RFPH17C5s_vt%22%3B%7D'
    'HTTP_ACCEPT_LANGUAGE' => 'ru-RU,ru;q=0.9,en-US;q=0.8,en;q=0.7'
    'HTTP_ACCEPT_ENCODING' => 'gzip, deflate, br'
    'HTTP_ACCEPT' => 'text/html,application/xhtml+xml,application/xml;q=0.9,image/webp,image/apng,*/*;q=0.8'
    'HTTP_USER_AGENT' => 'Mozilla/5.0 (Windows NT 10.0; WOW64) AppleWebKit/537.36 (KHTML, like Gecko) Chrome/67.0.3396.99 Safari/537.36'
    'HTTP_UPGRADE_INSECURE_REQUESTS' => '1'
    'HTTP_CACHE_CONTROL' => 'max-age=0'
    'HTTP_CONNECTION' => 'keep-alive'
    'HTTP_HOST' => 'localhost'
    'REDIRECT_STATUS' => '200'
    'SERVER_NAME' => 'gs.local'
    'SERVER_PORT' => '80'
    'SERVER_ADDR' => '172.18.0.4'
    'REMOTE_PORT' => '57066'
    'REMOTE_ADDR' => '172.18.0.1'
    'SERVER_SOFTWARE' => 'nginx/1.11.1'
    'GATEWAY_INTERFACE' => 'CGI/1.1'
    'REQUEST_SCHEME' => 'http'
    'SERVER_PROTOCOL' => 'HTTP/1.1'
    'DOCUMENT_ROOT' => '/var/www/web'
    'DOCUMENT_URI' => '/index.php'
    'REQUEST_URI' => '/'
    'SCRIPT_NAME' => '/index.php'
    'CONTENT_LENGTH' => ''
    'CONTENT_TYPE' => ''
    'REQUEST_METHOD' => 'GET'
    'QUERY_STRING' => ''
    'SCRIPT_FILENAME' => '/var/www/web/index.php'
    'FCGI_ROLE' => 'RESPONDER'
    'PHP_SELF' => '/index.php'
    'REQUEST_TIME_FLOAT' => 1538574452.8029
    'REQUEST_TIME' => 1538574452
]
2018-10-03 16:47:39 [172.18.0.1][-][-][warning][yii\debug\Module::checkAccess] Access to debugger is denied due to IP address restriction. The requesting IP address is 172.18.0.1
2018-10-03 16:47:38 [172.18.0.1][-][-][info][application] $_GET = []

$_POST = []

$_FILES = []

$_COOKIE = [
    'PHPSESSID' => 'bb942e73798bf93ff8fdecdbc0a86035'
    '_csrf' => '8af717e5c76ba142aff61f2afa788b06387dbeb8ff693fac0288813c349c3c60a:2:{i:0;s:5:\"_csrf\";i:1;s:32:\"IdOXoKp45AKEVEjvPcN1RFPH17C5s_vt\";}'
]

$_SESSION = [
    '__flash' => []
]

$_SERVER = [
    'USER' => 'root'
    'HOME' => '/root'
    'HTTP_COOKIE' => 'PHPSESSID=bb942e73798bf93ff8fdecdbc0a86035; _csrf=8af717e5c76ba142aff61f2afa788b06387dbeb8ff693fac0288813c349c3c60a%3A2%3A%7Bi%3A0%3Bs%3A5%3A%22_csrf%22%3Bi%3A1%3Bs%3A32%3A%22IdOXoKp45AKEVEjvPcN1RFPH17C5s_vt%22%3B%7D'
    'HTTP_ACCEPT_LANGUAGE' => 'ru-RU,ru;q=0.9,en-US;q=0.8,en;q=0.7'
    'HTTP_ACCEPT_ENCODING' => 'gzip, deflate, br'
    'HTTP_REFERER' => 'http://localhost/'
    'HTTP_ACCEPT' => 'text/html,application/xhtml+xml,application/xml;q=0.9,image/webp,image/apng,*/*;q=0.8'
    'HTTP_USER_AGENT' => 'Mozilla/5.0 (Windows NT 10.0; WOW64) AppleWebKit/537.36 (KHTML, like Gecko) Chrome/67.0.3396.99 Safari/537.36'
    'HTTP_UPGRADE_INSECURE_REQUESTS' => '1'
    'HTTP_CONNECTION' => 'keep-alive'
    'HTTP_HOST' => 'localhost'
    'REDIRECT_STATUS' => '200'
    'SERVER_NAME' => 'gs.local'
    'SERVER_PORT' => '80'
    'SERVER_ADDR' => '172.18.0.4'
    'REMOTE_PORT' => '57066'
    'REMOTE_ADDR' => '172.18.0.1'
    'SERVER_SOFTWARE' => 'nginx/1.11.1'
    'GATEWAY_INTERFACE' => 'CGI/1.1'
    'REQUEST_SCHEME' => 'http'
    'SERVER_PROTOCOL' => 'HTTP/1.1'
    'DOCUMENT_ROOT' => '/var/www/web'
    'DOCUMENT_URI' => '/index.php'
    'REQUEST_URI' => '/person/index'
    'SCRIPT_NAME' => '/index.php'
    'CONTENT_LENGTH' => ''
    'CONTENT_TYPE' => ''
    'REQUEST_METHOD' => 'GET'
    'QUERY_STRING' => ''
    'SCRIPT_FILENAME' => '/var/www/web/index.php'
    'FCGI_ROLE' => 'RESPONDER'
    'PHP_SELF' => '/index.php'
    'REQUEST_TIME_FLOAT' => 1538574458.8129
    'REQUEST_TIME' => 1538574458
]
2018-10-03 16:47:41 [172.18.0.1][-][-][warning][yii\debug\Module::checkAccess] Access to debugger is denied due to IP address restriction. The requesting IP address is 172.18.0.1
    in /var/www/views/layouts/main.php:77
    in /var/www/controllers/SiteController.php:64
2018-10-03 16:47:41 [172.18.0.1][-][-][warning][yii\debug\Module::checkAccess] Access to debugger is denied due to IP address restriction. The requesting IP address is 172.18.0.1
2018-10-03 16:47:41 [172.18.0.1][-][-][info][application] $_GET = []

$_POST = []

$_FILES = []

$_COOKIE = [
    'PHPSESSID' => 'bb942e73798bf93ff8fdecdbc0a86035'
    '_csrf' => '8af717e5c76ba142aff61f2afa788b06387dbeb8ff693fac0288813c349c3c60a:2:{i:0;s:5:\"_csrf\";i:1;s:32:\"IdOXoKp45AKEVEjvPcN1RFPH17C5s_vt\";}'
]

$_SESSION = [
    '__flash' => []
]

$_SERVER = [
    'USER' => 'root'
    'HOME' => '/root'
    'HTTP_COOKIE' => 'PHPSESSID=bb942e73798bf93ff8fdecdbc0a86035; _csrf=8af717e5c76ba142aff61f2afa788b06387dbeb8ff693fac0288813c349c3c60a%3A2%3A%7Bi%3A0%3Bs%3A5%3A%22_csrf%22%3Bi%3A1%3Bs%3A32%3A%22IdOXoKp45AKEVEjvPcN1RFPH17C5s_vt%22%3B%7D'
    'HTTP_ACCEPT_LANGUAGE' => 'ru-RU,ru;q=0.9,en-US;q=0.8,en;q=0.7'
    'HTTP_ACCEPT_ENCODING' => 'gzip, deflate, br'
    'HTTP_ACCEPT' => 'text/html,application/xhtml+xml,application/xml;q=0.9,image/webp,image/apng,*/*;q=0.8'
    'HTTP_USER_AGENT' => 'Mozilla/5.0 (Windows NT 10.0; WOW64) AppleWebKit/537.36 (KHTML, like Gecko) Chrome/67.0.3396.99 Safari/537.36'
    'HTTP_UPGRADE_INSECURE_REQUESTS' => '1'
    'HTTP_CONNECTION' => 'keep-alive'
    'HTTP_HOST' => 'localhost'
    'REDIRECT_STATUS' => '200'
    'SERVER_NAME' => 'gs.local'
    'SERVER_PORT' => '80'
    'SERVER_ADDR' => '172.18.0.4'
    'REMOTE_PORT' => '57066'
    'REMOTE_ADDR' => '172.18.0.1'
    'SERVER_SOFTWARE' => 'nginx/1.11.1'
    'GATEWAY_INTERFACE' => 'CGI/1.1'
    'REQUEST_SCHEME' => 'http'
    'SERVER_PROTOCOL' => 'HTTP/1.1'
    'DOCUMENT_ROOT' => '/var/www/web'
    'DOCUMENT_URI' => '/index.php'
    'REQUEST_URI' => '/'
    'SCRIPT_NAME' => '/index.php'
    'CONTENT_LENGTH' => ''
    'CONTENT_TYPE' => ''
    'REQUEST_METHOD' => 'GET'
    'QUERY_STRING' => ''
    'SCRIPT_FILENAME' => '/var/www/web/index.php'
    'FCGI_ROLE' => 'RESPONDER'
    'PHP_SELF' => '/index.php'
    'REQUEST_TIME_FLOAT' => 1538574461.5571
    'REQUEST_TIME' => 1538574461
]
2018-10-03 16:47:43 [172.18.0.1][-][-][warning][yii\debug\Module::checkAccess] Access to debugger is denied due to IP address restriction. The requesting IP address is 172.18.0.1
    in /var/www/views/layouts/main.php:77
    in /var/www/controllers/SiteController.php:64
2018-10-03 16:47:43 [172.18.0.1][-][-][warning][yii\debug\Module::checkAccess] Access to debugger is denied due to IP address restriction. The requesting IP address is 172.18.0.1
2018-10-03 16:47:43 [172.18.0.1][-][-][info][application] $_GET = []

$_POST = []

$_FILES = []

$_COOKIE = [
    'PHPSESSID' => 'bb942e73798bf93ff8fdecdbc0a86035'
    '_csrf' => '8af717e5c76ba142aff61f2afa788b06387dbeb8ff693fac0288813c349c3c60a:2:{i:0;s:5:\"_csrf\";i:1;s:32:\"IdOXoKp45AKEVEjvPcN1RFPH17C5s_vt\";}'
]

$_SESSION = [
    '__flash' => []
]

$_SERVER = [
    'USER' => 'root'
    'HOME' => '/root'
    'HTTP_COOKIE' => 'PHPSESSID=bb942e73798bf93ff8fdecdbc0a86035; _csrf=8af717e5c76ba142aff61f2afa788b06387dbeb8ff693fac0288813c349c3c60a%3A2%3A%7Bi%3A0%3Bs%3A5%3A%22_csrf%22%3Bi%3A1%3Bs%3A32%3A%22IdOXoKp45AKEVEjvPcN1RFPH17C5s_vt%22%3B%7D'
    'HTTP_ACCEPT_LANGUAGE' => 'ru-RU,ru;q=0.9,en-US;q=0.8,en;q=0.7'
    'HTTP_ACCEPT_ENCODING' => 'gzip, deflate, br'
    'HTTP_ACCEPT' => 'text/html,application/xhtml+xml,application/xml;q=0.9,image/webp,image/apng,*/*;q=0.8'
    'HTTP_USER_AGENT' => 'Mozilla/5.0 (Windows NT 10.0; WOW64) AppleWebKit/537.36 (KHTML, like Gecko) Chrome/67.0.3396.99 Safari/537.36'
    'HTTP_UPGRADE_INSECURE_REQUESTS' => '1'
    'HTTP_CACHE_CONTROL' => 'max-age=0'
    'HTTP_CONNECTION' => 'keep-alive'
    'HTTP_HOST' => 'localhost'
    'REDIRECT_STATUS' => '200'
    'SERVER_NAME' => 'gs.local'
    'SERVER_PORT' => '80'
    'SERVER_ADDR' => '172.18.0.4'
    'REMOTE_PORT' => '57066'
    'REMOTE_ADDR' => '172.18.0.1'
    'SERVER_SOFTWARE' => 'nginx/1.11.1'
    'GATEWAY_INTERFACE' => 'CGI/1.1'
    'REQUEST_SCHEME' => 'http'
    'SERVER_PROTOCOL' => 'HTTP/1.1'
    'DOCUMENT_ROOT' => '/var/www/web'
    'DOCUMENT_URI' => '/index.php'
    'REQUEST_URI' => '/'
    'SCRIPT_NAME' => '/index.php'
    'CONTENT_LENGTH' => ''
    'CONTENT_TYPE' => ''
    'REQUEST_METHOD' => 'GET'
    'QUERY_STRING' => ''
    'SCRIPT_FILENAME' => '/var/www/web/index.php'
    'FCGI_ROLE' => 'RESPONDER'
    'PHP_SELF' => '/index.php'
    'REQUEST_TIME_FLOAT' => 1538574463.5992
    'REQUEST_TIME' => 1538574463
]
2018-10-03 16:47:46 [172.18.0.1][-][-][warning][yii\debug\Module::checkAccess] Access to debugger is denied due to IP address restriction. The requesting IP address is 172.18.0.1
    in /var/www/views/layouts/main.php:77
    in /var/www/controllers/SiteController.php:126
2018-10-03 16:47:46 [172.18.0.1][-][-][warning][yii\debug\Module::checkAccess] Access to debugger is denied due to IP address restriction. The requesting IP address is 172.18.0.1
2018-10-03 16:47:46 [172.18.0.1][-][-][info][application] $_GET = []

$_POST = []

$_FILES = []

$_COOKIE = [
    'PHPSESSID' => 'bb942e73798bf93ff8fdecdbc0a86035'
    '_csrf' => '8af717e5c76ba142aff61f2afa788b06387dbeb8ff693fac0288813c349c3c60a:2:{i:0;s:5:\"_csrf\";i:1;s:32:\"IdOXoKp45AKEVEjvPcN1RFPH17C5s_vt\";}'
]

$_SESSION = [
    '__flash' => []
]

$_SERVER = [
    'USER' => 'root'
    'HOME' => '/root'
    'HTTP_COOKIE' => 'PHPSESSID=bb942e73798bf93ff8fdecdbc0a86035; _csrf=8af717e5c76ba142aff61f2afa788b06387dbeb8ff693fac0288813c349c3c60a%3A2%3A%7Bi%3A0%3Bs%3A5%3A%22_csrf%22%3Bi%3A1%3Bs%3A32%3A%22IdOXoKp45AKEVEjvPcN1RFPH17C5s_vt%22%3B%7D'
    'HTTP_ACCEPT_LANGUAGE' => 'ru-RU,ru;q=0.9,en-US;q=0.8,en;q=0.7'
    'HTTP_ACCEPT_ENCODING' => 'gzip, deflate, br'
    'HTTP_REFERER' => 'http://localhost/'
    'HTTP_ACCEPT' => 'text/html,application/xhtml+xml,application/xml;q=0.9,image/webp,image/apng,*/*;q=0.8'
    'HTTP_USER_AGENT' => 'Mozilla/5.0 (Windows NT 10.0; WOW64) AppleWebKit/537.36 (KHTML, like Gecko) Chrome/67.0.3396.99 Safari/537.36'
    'HTTP_UPGRADE_INSECURE_REQUESTS' => '1'
    'HTTP_CONNECTION' => 'keep-alive'
    'HTTP_HOST' => 'localhost'
    'REDIRECT_STATUS' => '200'
    'SERVER_NAME' => 'gs.local'
    'SERVER_PORT' => '80'
    'SERVER_ADDR' => '172.18.0.4'
    'REMOTE_PORT' => '57066'
    'REMOTE_ADDR' => '172.18.0.1'
    'SERVER_SOFTWARE' => 'nginx/1.11.1'
    'GATEWAY_INTERFACE' => 'CGI/1.1'
    'REQUEST_SCHEME' => 'http'
    'SERVER_PROTOCOL' => 'HTTP/1.1'
    'DOCUMENT_ROOT' => '/var/www/web'
    'DOCUMENT_URI' => '/index.php'
    'REQUEST_URI' => '/site/about'
    'SCRIPT_NAME' => '/index.php'
    'CONTENT_LENGTH' => ''
    'CONTENT_TYPE' => ''
    'REQUEST_METHOD' => 'GET'
    'QUERY_STRING' => ''
    'SCRIPT_FILENAME' => '/var/www/web/index.php'
    'FCGI_ROLE' => 'RESPONDER'
    'PHP_SELF' => '/index.php'
    'REQUEST_TIME_FLOAT' => 1538574466.1352
    'REQUEST_TIME' => 1538574466
]
2018-10-03 16:47:54 [172.18.0.1][-][-][warning][yii\debug\Module::checkAccess] Access to debugger is denied due to IP address restriction. The requesting IP address is 172.18.0.1
    in /var/www/views/layouts/main.php:77
    in /var/www/controllers/SiteController.php:126
2018-10-03 16:47:54 [172.18.0.1][-][-][warning][yii\debug\Module::checkAccess] Access to debugger is denied due to IP address restriction. The requesting IP address is 172.18.0.1
2018-10-03 16:47:54 [172.18.0.1][-][-][info][application] $_GET = []

$_POST = []

$_FILES = []

$_COOKIE = [
    'PHPSESSID' => 'bb942e73798bf93ff8fdecdbc0a86035'
    '_csrf' => '8af717e5c76ba142aff61f2afa788b06387dbeb8ff693fac0288813c349c3c60a:2:{i:0;s:5:\"_csrf\";i:1;s:32:\"IdOXoKp45AKEVEjvPcN1RFPH17C5s_vt\";}'
]

$_SESSION = [
    '__flash' => []
]

$_SERVER = [
    'USER' => 'root'
    'HOME' => '/root'
    'HTTP_COOKIE' => 'PHPSESSID=bb942e73798bf93ff8fdecdbc0a86035; _csrf=8af717e5c76ba142aff61f2afa788b06387dbeb8ff693fac0288813c349c3c60a%3A2%3A%7Bi%3A0%3Bs%3A5%3A%22_csrf%22%3Bi%3A1%3Bs%3A32%3A%22IdOXoKp45AKEVEjvPcN1RFPH17C5s_vt%22%3B%7D'
    'HTTP_ACCEPT_LANGUAGE' => 'ru-RU,ru;q=0.9,en-US;q=0.8,en;q=0.7'
    'HTTP_ACCEPT_ENCODING' => 'gzip, deflate, br'
    'HTTP_REFERER' => 'http://localhost/site/about'
    'HTTP_ACCEPT' => 'text/html,application/xhtml+xml,application/xml;q=0.9,image/webp,image/apng,*/*;q=0.8'
    'HTTP_USER_AGENT' => 'Mozilla/5.0 (Windows NT 10.0; WOW64) AppleWebKit/537.36 (KHTML, like Gecko) Chrome/67.0.3396.99 Safari/537.36'
    'HTTP_UPGRADE_INSECURE_REQUESTS' => '1'
    'HTTP_CONNECTION' => 'keep-alive'
    'HTTP_HOST' => 'localhost'
    'REDIRECT_STATUS' => '200'
    'SERVER_NAME' => 'gs.local'
    'SERVER_PORT' => '80'
    'SERVER_ADDR' => '172.18.0.4'
    'REMOTE_PORT' => '57070'
    'REMOTE_ADDR' => '172.18.0.1'
    'SERVER_SOFTWARE' => 'nginx/1.11.1'
    'GATEWAY_INTERFACE' => 'CGI/1.1'
    'REQUEST_SCHEME' => 'http'
    'SERVER_PROTOCOL' => 'HTTP/1.1'
    'DOCUMENT_ROOT' => '/var/www/web'
    'DOCUMENT_URI' => '/index.php'
    'REQUEST_URI' => '/site/about'
    'SCRIPT_NAME' => '/index.php'
    'CONTENT_LENGTH' => ''
    'CONTENT_TYPE' => ''
    'REQUEST_METHOD' => 'GET'
    'QUERY_STRING' => ''
    'SCRIPT_FILENAME' => '/var/www/web/index.php'
    'FCGI_ROLE' => 'RESPONDER'
    'PHP_SELF' => '/index.php'
    'REQUEST_TIME_FLOAT' => 1538574474.3648
    'REQUEST_TIME' => 1538574474
]
2018-10-03 16:47:57 [172.18.0.1][-][-][warning][yii\debug\Module::checkAccess] Access to debugger is denied due to IP address restriction. The requesting IP address is 172.18.0.1
2018-10-03 16:47:57 [172.18.0.1][-][-][info][application] $_GET = []

$_POST = []

$_FILES = []

$_COOKIE = [
    'PHPSESSID' => 'bb942e73798bf93ff8fdecdbc0a86035'
    '_csrf' => '8af717e5c76ba142aff61f2afa788b06387dbeb8ff693fac0288813c349c3c60a:2:{i:0;s:5:\"_csrf\";i:1;s:32:\"IdOXoKp45AKEVEjvPcN1RFPH17C5s_vt\";}'
]

$_SESSION = [
    '__flash' => []
]

$_SERVER = [
    'USER' => 'root'
    'HOME' => '/root'
    'HTTP_COOKIE' => 'PHPSESSID=bb942e73798bf93ff8fdecdbc0a86035; _csrf=8af717e5c76ba142aff61f2afa788b06387dbeb8ff693fac0288813c349c3c60a%3A2%3A%7Bi%3A0%3Bs%3A5%3A%22_csrf%22%3Bi%3A1%3Bs%3A32%3A%22IdOXoKp45AKEVEjvPcN1RFPH17C5s_vt%22%3B%7D'
    'HTTP_ACCEPT_LANGUAGE' => 'ru-RU,ru;q=0.9,en-US;q=0.8,en;q=0.7'
    'HTTP_ACCEPT_ENCODING' => 'gzip, deflate, br'
    'HTTP_REFERER' => 'http://localhost/site/about'
    'HTTP_ACCEPT' => 'text/html,application/xhtml+xml,application/xml;q=0.9,image/webp,image/apng,*/*;q=0.8'
    'HTTP_USER_AGENT' => 'Mozilla/5.0 (Windows NT 10.0; WOW64) AppleWebKit/537.36 (KHTML, like Gecko) Chrome/67.0.3396.99 Safari/537.36'
    'HTTP_UPGRADE_INSECURE_REQUESTS' => '1'
    'HTTP_CONNECTION' => 'keep-alive'
    'HTTP_HOST' => 'localhost'
    'REDIRECT_STATUS' => '200'
    'SERVER_NAME' => 'gs.local'
    'SERVER_PORT' => '80'
    'SERVER_ADDR' => '172.18.0.4'
    'REMOTE_PORT' => '57066'
    'REMOTE_ADDR' => '172.18.0.1'
    'SERVER_SOFTWARE' => 'nginx/1.11.1'
    'GATEWAY_INTERFACE' => 'CGI/1.1'
    'REQUEST_SCHEME' => 'http'
    'SERVER_PROTOCOL' => 'HTTP/1.1'
    'DOCUMENT_ROOT' => '/var/www/web'
    'DOCUMENT_URI' => '/index.php'
    'REQUEST_URI' => '/person/index'
    'SCRIPT_NAME' => '/index.php'
    'CONTENT_LENGTH' => ''
    'CONTENT_TYPE' => ''
    'REQUEST_METHOD' => 'GET'
    'QUERY_STRING' => ''
    'SCRIPT_FILENAME' => '/var/www/web/index.php'
    'FCGI_ROLE' => 'RESPONDER'
    'PHP_SELF' => '/index.php'
    'REQUEST_TIME_FLOAT' => 1538574477.1869
    'REQUEST_TIME' => 1538574477
]
2018-10-03 16:51:11 [172.18.0.1][-][-][warning][yii\debug\Module::checkAccess] Access to debugger is denied due to IP address restriction. The requesting IP address is 172.18.0.1
    in /var/www/views/layouts/main.php:77
    in /var/www/controllers/SiteController.php:126
2018-10-03 16:51:11 [172.18.0.1][-][-][warning][yii\debug\Module::checkAccess] Access to debugger is denied due to IP address restriction. The requesting IP address is 172.18.0.1
2018-10-03 16:51:11 [172.18.0.1][-][-][info][application] $_GET = []

$_POST = []

$_FILES = []

$_COOKIE = [
    'PHPSESSID' => 'bb942e73798bf93ff8fdecdbc0a86035'
    '_csrf' => '8af717e5c76ba142aff61f2afa788b06387dbeb8ff693fac0288813c349c3c60a:2:{i:0;s:5:\"_csrf\";i:1;s:32:\"IdOXoKp45AKEVEjvPcN1RFPH17C5s_vt\";}'
]

$_SESSION = [
    '__flash' => []
]

$_SERVER = [
    'USER' => 'root'
    'HOME' => '/root'
    'HTTP_COOKIE' => 'PHPSESSID=bb942e73798bf93ff8fdecdbc0a86035; _csrf=8af717e5c76ba142aff61f2afa788b06387dbeb8ff693fac0288813c349c3c60a%3A2%3A%7Bi%3A0%3Bs%3A5%3A%22_csrf%22%3Bi%3A1%3Bs%3A32%3A%22IdOXoKp45AKEVEjvPcN1RFPH17C5s_vt%22%3B%7D'
    'HTTP_ACCEPT_LANGUAGE' => 'ru-RU,ru;q=0.9,en-US;q=0.8,en;q=0.7'
    'HTTP_ACCEPT_ENCODING' => 'gzip, deflate, br'
    'HTTP_REFERER' => 'http://localhost/site/about'
    'HTTP_ACCEPT' => 'text/html,application/xhtml+xml,application/xml;q=0.9,image/webp,image/apng,*/*;q=0.8'
    'HTTP_USER_AGENT' => 'Mozilla/5.0 (Windows NT 10.0; WOW64) AppleWebKit/537.36 (KHTML, like Gecko) Chrome/67.0.3396.99 Safari/537.36'
    'HTTP_UPGRADE_INSECURE_REQUESTS' => '1'
    'HTTP_CONNECTION' => 'keep-alive'
    'HTTP_HOST' => 'localhost'
    'REDIRECT_STATUS' => '200'
    'SERVER_NAME' => 'gs.local'
    'SERVER_PORT' => '80'
    'SERVER_ADDR' => '172.18.0.4'
    'REMOTE_PORT' => '57098'
    'REMOTE_ADDR' => '172.18.0.1'
    'SERVER_SOFTWARE' => 'nginx/1.11.1'
    'GATEWAY_INTERFACE' => 'CGI/1.1'
    'REQUEST_SCHEME' => 'http'
    'SERVER_PROTOCOL' => 'HTTP/1.1'
    'DOCUMENT_ROOT' => '/var/www/web'
    'DOCUMENT_URI' => '/index.php'
    'REQUEST_URI' => '/site/about'
    'SCRIPT_NAME' => '/index.php'
    'CONTENT_LENGTH' => ''
    'CONTENT_TYPE' => ''
    'REQUEST_METHOD' => 'GET'
    'QUERY_STRING' => ''
    'SCRIPT_FILENAME' => '/var/www/web/index.php'
    'FCGI_ROLE' => 'RESPONDER'
    'PHP_SELF' => '/index.php'
    'REQUEST_TIME_FLOAT' => 1538574671.2193
    'REQUEST_TIME' => 1538574671
]
2018-10-03 16:51:17 [172.18.0.1][-][-][warning][yii\debug\Module::checkAccess] Access to debugger is denied due to IP address restriction. The requesting IP address is 172.18.0.1
    in /var/www/views/layouts/main.php:77
    in /var/www/controllers/SiteController.php:126
2018-10-03 16:51:17 [172.18.0.1][-][-][warning][yii\debug\Module::checkAccess] Access to debugger is denied due to IP address restriction. The requesting IP address is 172.18.0.1
2018-10-03 16:51:16 [172.18.0.1][-][-][info][application] $_GET = []

$_POST = []

$_FILES = []

$_COOKIE = [
    'PHPSESSID' => 'bb942e73798bf93ff8fdecdbc0a86035'
    '_csrf' => '8af717e5c76ba142aff61f2afa788b06387dbeb8ff693fac0288813c349c3c60a:2:{i:0;s:5:\"_csrf\";i:1;s:32:\"IdOXoKp45AKEVEjvPcN1RFPH17C5s_vt\";}'
]

$_SESSION = [
    '__flash' => []
]

$_SERVER = [
    'USER' => 'root'
    'HOME' => '/root'
    'HTTP_COOKIE' => 'PHPSESSID=bb942e73798bf93ff8fdecdbc0a86035; _csrf=8af717e5c76ba142aff61f2afa788b06387dbeb8ff693fac0288813c349c3c60a%3A2%3A%7Bi%3A0%3Bs%3A5%3A%22_csrf%22%3Bi%3A1%3Bs%3A32%3A%22IdOXoKp45AKEVEjvPcN1RFPH17C5s_vt%22%3B%7D'
    'HTTP_ACCEPT_LANGUAGE' => 'ru-RU,ru;q=0.9,en-US;q=0.8,en;q=0.7'
    'HTTP_ACCEPT_ENCODING' => 'gzip, deflate, br'
    'HTTP_REFERER' => 'http://localhost/site/about'
    'HTTP_ACCEPT' => 'text/html,application/xhtml+xml,application/xml;q=0.9,image/webp,image/apng,*/*;q=0.8'
    'HTTP_USER_AGENT' => 'Mozilla/5.0 (Windows NT 10.0; WOW64) AppleWebKit/537.36 (KHTML, like Gecko) Chrome/67.0.3396.99 Safari/537.36'
    'HTTP_UPGRADE_INSECURE_REQUESTS' => '1'
    'HTTP_CONNECTION' => 'keep-alive'
    'HTTP_HOST' => 'localhost'
    'REDIRECT_STATUS' => '200'
    'SERVER_NAME' => 'gs.local'
    'SERVER_PORT' => '80'
    'SERVER_ADDR' => '172.18.0.4'
    'REMOTE_PORT' => '57098'
    'REMOTE_ADDR' => '172.18.0.1'
    'SERVER_SOFTWARE' => 'nginx/1.11.1'
    'GATEWAY_INTERFACE' => 'CGI/1.1'
    'REQUEST_SCHEME' => 'http'
    'SERVER_PROTOCOL' => 'HTTP/1.1'
    'DOCUMENT_ROOT' => '/var/www/web'
    'DOCUMENT_URI' => '/index.php'
    'REQUEST_URI' => '/site/about'
    'SCRIPT_NAME' => '/index.php'
    'CONTENT_LENGTH' => ''
    'CONTENT_TYPE' => ''
    'REQUEST_METHOD' => 'GET'
    'QUERY_STRING' => ''
    'SCRIPT_FILENAME' => '/var/www/web/index.php'
    'FCGI_ROLE' => 'RESPONDER'
    'PHP_SELF' => '/index.php'
    'REQUEST_TIME_FLOAT' => 1538574676.86
    'REQUEST_TIME' => 1538574676
]
2018-10-03 17:12:38 [172.18.0.1][-][bb942e73798bf93ff8fdecdbc0a86035][error][yii\base\ViewNotFoundException] yii\base\ViewNotFoundException: The view file does not exist: /var/www/views/person/about.php in /var/www/vendor/yiisoft/yii2/base/View.php:233
Stack trace:
#0 /var/www/vendor/yiisoft/yii2/base/View.php(156): yii\base\View->renderFile('/var/www/views/...', Array, Object(app\controllers\PersonController))
#1 /var/www/vendor/yiisoft/yii2/base/Controller.php(384): yii\base\View->render('about', Array, Object(app\controllers\PersonController))
#2 /var/www/controllers/PersonController.php(22): yii\base\Controller->render('about')
#3 [internal function]: app\controllers\PersonController->actionIndex()
#4 /var/www/vendor/yiisoft/yii2/base/InlineAction.php(57): call_user_func_array(Array, Array)
#5 /var/www/vendor/yiisoft/yii2/base/Controller.php(157): yii\base\InlineAction->runWithParams(Array)
#6 /var/www/vendor/yiisoft/yii2/base/Module.php(528): yii\base\Controller->runAction('index', Array)
#7 /var/www/vendor/yiisoft/yii2/web/Application.php(103): yii\base\Module->runAction('person/index', Array)
#8 /var/www/vendor/yiisoft/yii2/base/Application.php(386): yii\web\Application->handleRequest(Object(yii\web\Request))
#9 /var/www/web/index.php(12): yii\base\Application->run()
#10 {main}
2018-10-03 17:12:38 [172.18.0.1][-][bb942e73798bf93ff8fdecdbc0a86035][warning][yii\debug\Module::checkAccess] Access to debugger is denied due to IP address restriction. The requesting IP address is 172.18.0.1
2018-10-03 17:12:38 [172.18.0.1][-][bb942e73798bf93ff8fdecdbc0a86035][warning][yii\debug\Module::checkAccess] Access to debugger is denied due to IP address restriction. The requesting IP address is 172.18.0.1
2018-10-03 17:12:38 [172.18.0.1][-][bb942e73798bf93ff8fdecdbc0a86035][info][application] $_GET = []

$_POST = []

$_FILES = []

$_COOKIE = [
    'PHPSESSID' => 'bb942e73798bf93ff8fdecdbc0a86035'
    '_csrf' => '8af717e5c76ba142aff61f2afa788b06387dbeb8ff693fac0288813c349c3c60a:2:{i:0;s:5:\"_csrf\";i:1;s:32:\"IdOXoKp45AKEVEjvPcN1RFPH17C5s_vt\";}'
]

$_SESSION = [
    '__flash' => []
]

$_SERVER = [
    'USER' => 'root'
    'HOME' => '/root'
    'HTTP_COOKIE' => 'PHPSESSID=bb942e73798bf93ff8fdecdbc0a86035; _csrf=8af717e5c76ba142aff61f2afa788b06387dbeb8ff693fac0288813c349c3c60a%3A2%3A%7Bi%3A0%3Bs%3A5%3A%22_csrf%22%3Bi%3A1%3Bs%3A32%3A%22IdOXoKp45AKEVEjvPcN1RFPH17C5s_vt%22%3B%7D'
    'HTTP_ACCEPT_LANGUAGE' => 'ru-RU,ru;q=0.9,en-US;q=0.8,en;q=0.7'
    'HTTP_ACCEPT_ENCODING' => 'gzip, deflate, br'
    'HTTP_REFERER' => 'http://localhost/site/about'
    'HTTP_ACCEPT' => 'text/html,application/xhtml+xml,application/xml;q=0.9,image/webp,image/apng,*/*;q=0.8'
    'HTTP_USER_AGENT' => 'Mozilla/5.0 (Windows NT 10.0; WOW64) AppleWebKit/537.36 (KHTML, like Gecko) Chrome/67.0.3396.99 Safari/537.36'
    'HTTP_UPGRADE_INSECURE_REQUESTS' => '1'
    'HTTP_CONNECTION' => 'keep-alive'
    'HTTP_HOST' => 'localhost'
    'REDIRECT_STATUS' => '200'
    'SERVER_NAME' => 'gs.local'
    'SERVER_PORT' => '80'
    'SERVER_ADDR' => '172.18.0.4'
    'REMOTE_PORT' => '57106'
    'REMOTE_ADDR' => '172.18.0.1'
    'SERVER_SOFTWARE' => 'nginx/1.11.1'
    'GATEWAY_INTERFACE' => 'CGI/1.1'
    'REQUEST_SCHEME' => 'http'
    'SERVER_PROTOCOL' => 'HTTP/1.1'
    'DOCUMENT_ROOT' => '/var/www/web'
    'DOCUMENT_URI' => '/index.php'
    'REQUEST_URI' => '/person/index'
    'SCRIPT_NAME' => '/index.php'
    'CONTENT_LENGTH' => ''
    'CONTENT_TYPE' => ''
    'REQUEST_METHOD' => 'GET'
    'QUERY_STRING' => ''
    'SCRIPT_FILENAME' => '/var/www/web/index.php'
    'FCGI_ROLE' => 'RESPONDER'
    'PHP_SELF' => '/index.php'
    'REQUEST_TIME_FLOAT' => 1538575958.1908
    'REQUEST_TIME' => 1538575958
]
2018-10-03 17:15:16 [172.18.0.1][-][-][warning][yii\debug\Module::checkAccess] Access to debugger is denied due to IP address restriction. The requesting IP address is 172.18.0.1
    in /var/www/views/layouts/main.php:77
    in /var/www/controllers/PersonController.php:22
2018-10-03 17:15:16 [172.18.0.1][-][-][warning][yii\debug\Module::checkAccess] Access to debugger is denied due to IP address restriction. The requesting IP address is 172.18.0.1
2018-10-03 17:15:16 [172.18.0.1][-][-][info][application] $_GET = []

$_POST = []

$_FILES = []

$_COOKIE = [
    'PHPSESSID' => 'bb942e73798bf93ff8fdecdbc0a86035'
    '_csrf' => '8af717e5c76ba142aff61f2afa788b06387dbeb8ff693fac0288813c349c3c60a:2:{i:0;s:5:\"_csrf\";i:1;s:32:\"IdOXoKp45AKEVEjvPcN1RFPH17C5s_vt\";}'
]

$_SESSION = [
    '__flash' => []
]

$_SERVER = [
    'USER' => 'root'
    'HOME' => '/root'
    'HTTP_COOKIE' => 'PHPSESSID=bb942e73798bf93ff8fdecdbc0a86035; _csrf=8af717e5c76ba142aff61f2afa788b06387dbeb8ff693fac0288813c349c3c60a%3A2%3A%7Bi%3A0%3Bs%3A5%3A%22_csrf%22%3Bi%3A1%3Bs%3A32%3A%22IdOXoKp45AKEVEjvPcN1RFPH17C5s_vt%22%3B%7D'
    'HTTP_ACCEPT_LANGUAGE' => 'ru-RU,ru;q=0.9,en-US;q=0.8,en;q=0.7'
    'HTTP_ACCEPT_ENCODING' => 'gzip, deflate, br'
    'HTTP_REFERER' => 'http://localhost/site/about'
    'HTTP_ACCEPT' => 'text/html,application/xhtml+xml,application/xml;q=0.9,image/webp,image/apng,*/*;q=0.8'
    'HTTP_USER_AGENT' => 'Mozilla/5.0 (Windows NT 10.0; WOW64) AppleWebKit/537.36 (KHTML, like Gecko) Chrome/67.0.3396.99 Safari/537.36'
    'HTTP_UPGRADE_INSECURE_REQUESTS' => '1'
    'HTTP_CACHE_CONTROL' => 'max-age=0'
    'HTTP_CONNECTION' => 'keep-alive'
    'HTTP_HOST' => 'localhost'
    'REDIRECT_STATUS' => '200'
    'SERVER_NAME' => 'gs.local'
    'SERVER_PORT' => '80'
    'SERVER_ADDR' => '172.18.0.4'
    'REMOTE_PORT' => '57112'
    'REMOTE_ADDR' => '172.18.0.1'
    'SERVER_SOFTWARE' => 'nginx/1.11.1'
    'GATEWAY_INTERFACE' => 'CGI/1.1'
    'REQUEST_SCHEME' => 'http'
    'SERVER_PROTOCOL' => 'HTTP/1.1'
    'DOCUMENT_ROOT' => '/var/www/web'
    'DOCUMENT_URI' => '/index.php'
    'REQUEST_URI' => '/person/index'
    'SCRIPT_NAME' => '/index.php'
    'CONTENT_LENGTH' => ''
    'CONTENT_TYPE' => ''
    'REQUEST_METHOD' => 'GET'
    'QUERY_STRING' => ''
    'SCRIPT_FILENAME' => '/var/www/web/index.php'
    'FCGI_ROLE' => 'RESPONDER'
    'PHP_SELF' => '/index.php'
    'REQUEST_TIME_FLOAT' => 1538576116.6469
    'REQUEST_TIME' => 1538576116
]
2018-10-03 17:16:09 [172.18.0.1][-][-][warning][yii\debug\Module::checkAccess] Access to debugger is denied due to IP address restriction. The requesting IP address is 172.18.0.1
    in /var/www/views/layouts/main.php:77
    in /var/www/controllers/PersonController.php:22
2018-10-03 17:16:09 [172.18.0.1][-][-][warning][yii\debug\Module::checkAccess] Access to debugger is denied due to IP address restriction. The requesting IP address is 172.18.0.1
2018-10-03 17:16:09 [172.18.0.1][-][-][info][application] $_GET = []

$_POST = []

$_FILES = []

$_COOKIE = [
    'PHPSESSID' => 'bb942e73798bf93ff8fdecdbc0a86035'
    '_csrf' => '8af717e5c76ba142aff61f2afa788b06387dbeb8ff693fac0288813c349c3c60a:2:{i:0;s:5:\"_csrf\";i:1;s:32:\"IdOXoKp45AKEVEjvPcN1RFPH17C5s_vt\";}'
]

$_SESSION = [
    '__flash' => []
]

$_SERVER = [
    'USER' => 'root'
    'HOME' => '/root'
    'HTTP_COOKIE' => 'PHPSESSID=bb942e73798bf93ff8fdecdbc0a86035; _csrf=8af717e5c76ba142aff61f2afa788b06387dbeb8ff693fac0288813c349c3c60a%3A2%3A%7Bi%3A0%3Bs%3A5%3A%22_csrf%22%3Bi%3A1%3Bs%3A32%3A%22IdOXoKp45AKEVEjvPcN1RFPH17C5s_vt%22%3B%7D'
    'HTTP_ACCEPT_LANGUAGE' => 'ru-RU,ru;q=0.9,en-US;q=0.8,en;q=0.7'
    'HTTP_ACCEPT_ENCODING' => 'gzip, deflate, br'
    'HTTP_REFERER' => 'http://localhost/site/about'
    'HTTP_ACCEPT' => 'text/html,application/xhtml+xml,application/xml;q=0.9,image/webp,image/apng,*/*;q=0.8'
    'HTTP_USER_AGENT' => 'Mozilla/5.0 (Windows NT 10.0; WOW64) AppleWebKit/537.36 (KHTML, like Gecko) Chrome/67.0.3396.99 Safari/537.36'
    'HTTP_UPGRADE_INSECURE_REQUESTS' => '1'
    'HTTP_CACHE_CONTROL' => 'max-age=0'
    'HTTP_CONNECTION' => 'keep-alive'
    'HTTP_HOST' => 'localhost'
    'REDIRECT_STATUS' => '200'
    'SERVER_NAME' => 'gs.local'
    'SERVER_PORT' => '80'
    'SERVER_ADDR' => '172.18.0.4'
    'REMOTE_PORT' => '57124'
    'REMOTE_ADDR' => '172.18.0.1'
    'SERVER_SOFTWARE' => 'nginx/1.11.1'
    'GATEWAY_INTERFACE' => 'CGI/1.1'
    'REQUEST_SCHEME' => 'http'
    'SERVER_PROTOCOL' => 'HTTP/1.1'
    'DOCUMENT_ROOT' => '/var/www/web'
    'DOCUMENT_URI' => '/index.php'
    'REQUEST_URI' => '/person/index'
    'SCRIPT_NAME' => '/index.php'
    'CONTENT_LENGTH' => ''
    'CONTENT_TYPE' => ''
    'REQUEST_METHOD' => 'GET'
    'QUERY_STRING' => ''
    'SCRIPT_FILENAME' => '/var/www/web/index.php'
    'FCGI_ROLE' => 'RESPONDER'
    'PHP_SELF' => '/index.php'
    'REQUEST_TIME_FLOAT' => 1538576169.2977
    'REQUEST_TIME' => 1538576169
]
2018-10-03 17:18:04 [172.18.0.1][-][-][warning][yii\debug\Module::checkAccess] Access to debugger is denied due to IP address restriction. The requesting IP address is 172.18.0.1
    in /var/www/views/layouts/main.php:77
    in /var/www/controllers/PersonController.php:22
2018-10-03 17:18:04 [172.18.0.1][-][-][warning][yii\debug\Module::checkAccess] Access to debugger is denied due to IP address restriction. The requesting IP address is 172.18.0.1
2018-10-03 17:18:04 [172.18.0.1][-][-][info][application] $_GET = []

$_POST = []

$_FILES = []

$_COOKIE = [
    'PHPSESSID' => 'bb942e73798bf93ff8fdecdbc0a86035'
    '_csrf' => '8af717e5c76ba142aff61f2afa788b06387dbeb8ff693fac0288813c349c3c60a:2:{i:0;s:5:\"_csrf\";i:1;s:32:\"IdOXoKp45AKEVEjvPcN1RFPH17C5s_vt\";}'
]

$_SESSION = [
    '__flash' => []
]

$_SERVER = [
    'USER' => 'root'
    'HOME' => '/root'
    'HTTP_COOKIE' => 'PHPSESSID=bb942e73798bf93ff8fdecdbc0a86035; _csrf=8af717e5c76ba142aff61f2afa788b06387dbeb8ff693fac0288813c349c3c60a%3A2%3A%7Bi%3A0%3Bs%3A5%3A%22_csrf%22%3Bi%3A1%3Bs%3A32%3A%22IdOXoKp45AKEVEjvPcN1RFPH17C5s_vt%22%3B%7D'
    'HTTP_ACCEPT_LANGUAGE' => 'ru-RU,ru;q=0.9,en-US;q=0.8,en;q=0.7'
    'HTTP_ACCEPT_ENCODING' => 'gzip, deflate, br'
    'HTTP_REFERER' => 'http://localhost/site/about'
    'HTTP_ACCEPT' => 'text/html,application/xhtml+xml,application/xml;q=0.9,image/webp,image/apng,*/*;q=0.8'
    'HTTP_USER_AGENT' => 'Mozilla/5.0 (Windows NT 10.0; WOW64) AppleWebKit/537.36 (KHTML, like Gecko) Chrome/67.0.3396.99 Safari/537.36'
    'HTTP_UPGRADE_INSECURE_REQUESTS' => '1'
    'HTTP_CACHE_CONTROL' => 'max-age=0'
    'HTTP_CONNECTION' => 'keep-alive'
    'HTTP_HOST' => 'localhost'
    'REDIRECT_STATUS' => '200'
    'SERVER_NAME' => 'gs.local'
    'SERVER_PORT' => '80'
    'SERVER_ADDR' => '172.18.0.4'
    'REMOTE_PORT' => '57130'
    'REMOTE_ADDR' => '172.18.0.1'
    'SERVER_SOFTWARE' => 'nginx/1.11.1'
    'GATEWAY_INTERFACE' => 'CGI/1.1'
    'REQUEST_SCHEME' => 'http'
    'SERVER_PROTOCOL' => 'HTTP/1.1'
    'DOCUMENT_ROOT' => '/var/www/web'
    'DOCUMENT_URI' => '/index.php'
    'REQUEST_URI' => '/person/index'
    'SCRIPT_NAME' => '/index.php'
    'CONTENT_LENGTH' => ''
    'CONTENT_TYPE' => ''
    'REQUEST_METHOD' => 'GET'
    'QUERY_STRING' => ''
    'SCRIPT_FILENAME' => '/var/www/web/index.php'
    'FCGI_ROLE' => 'RESPONDER'
    'PHP_SELF' => '/index.php'
    'REQUEST_TIME_FLOAT' => 1538576284.1427
    'REQUEST_TIME' => 1538576284
]
2018-10-03 17:18:33 [172.18.0.1][-][-][warning][yii\debug\Module::checkAccess] Access to debugger is denied due to IP address restriction. The requesting IP address is 172.18.0.1
    in /var/www/views/layouts/main.php:77
    in /var/www/controllers/PersonController.php:22
2018-10-03 17:18:33 [172.18.0.1][-][-][warning][yii\debug\Module::checkAccess] Access to debugger is denied due to IP address restriction. The requesting IP address is 172.18.0.1
2018-10-03 17:18:33 [172.18.0.1][-][-][info][application] $_GET = []

$_POST = []

$_FILES = []

$_COOKIE = [
    'PHPSESSID' => 'bb942e73798bf93ff8fdecdbc0a86035'
    '_csrf' => '8af717e5c76ba142aff61f2afa788b06387dbeb8ff693fac0288813c349c3c60a:2:{i:0;s:5:\"_csrf\";i:1;s:32:\"IdOXoKp45AKEVEjvPcN1RFPH17C5s_vt\";}'
]

$_SESSION = [
    '__flash' => []
]

$_SERVER = [
    'USER' => 'root'
    'HOME' => '/root'
    'HTTP_COOKIE' => 'PHPSESSID=bb942e73798bf93ff8fdecdbc0a86035; _csrf=8af717e5c76ba142aff61f2afa788b06387dbeb8ff693fac0288813c349c3c60a%3A2%3A%7Bi%3A0%3Bs%3A5%3A%22_csrf%22%3Bi%3A1%3Bs%3A32%3A%22IdOXoKp45AKEVEjvPcN1RFPH17C5s_vt%22%3B%7D'
    'HTTP_ACCEPT_LANGUAGE' => 'ru-RU,ru;q=0.9,en-US;q=0.8,en;q=0.7'
    'HTTP_ACCEPT_ENCODING' => 'gzip, deflate, br'
    'HTTP_REFERER' => 'http://localhost/site/about'
    'HTTP_ACCEPT' => 'text/html,application/xhtml+xml,application/xml;q=0.9,image/webp,image/apng,*/*;q=0.8'
    'HTTP_USER_AGENT' => 'Mozilla/5.0 (Windows NT 10.0; WOW64) AppleWebKit/537.36 (KHTML, like Gecko) Chrome/67.0.3396.99 Safari/537.36'
    'HTTP_UPGRADE_INSECURE_REQUESTS' => '1'
    'HTTP_CACHE_CONTROL' => 'max-age=0'
    'HTTP_CONNECTION' => 'keep-alive'
    'HTTP_HOST' => 'localhost'
    'REDIRECT_STATUS' => '200'
    'SERVER_NAME' => 'gs.local'
    'SERVER_PORT' => '80'
    'SERVER_ADDR' => '172.18.0.4'
    'REMOTE_PORT' => '57136'
    'REMOTE_ADDR' => '172.18.0.1'
    'SERVER_SOFTWARE' => 'nginx/1.11.1'
    'GATEWAY_INTERFACE' => 'CGI/1.1'
    'REQUEST_SCHEME' => 'http'
    'SERVER_PROTOCOL' => 'HTTP/1.1'
    'DOCUMENT_ROOT' => '/var/www/web'
    'DOCUMENT_URI' => '/index.php'
    'REQUEST_URI' => '/person/index'
    'SCRIPT_NAME' => '/index.php'
    'CONTENT_LENGTH' => ''
    'CONTENT_TYPE' => ''
    'REQUEST_METHOD' => 'GET'
    'QUERY_STRING' => ''
    'SCRIPT_FILENAME' => '/var/www/web/index.php'
    'FCGI_ROLE' => 'RESPONDER'
    'PHP_SELF' => '/index.php'
    'REQUEST_TIME_FLOAT' => 1538576313.1003
    'REQUEST_TIME' => 1538576313
]
2018-10-03 17:22:59 [172.18.0.1][-][-][warning][yii\debug\Module::checkAccess] Access to debugger is denied due to IP address restriction. The requesting IP address is 172.18.0.1
    in /var/www/views/layouts/main.php:77
    in /var/www/controllers/PersonController.php:22
2018-10-03 17:22:59 [172.18.0.1][-][-][warning][yii\debug\Module::checkAccess] Access to debugger is denied due to IP address restriction. The requesting IP address is 172.18.0.1
2018-10-03 17:22:59 [172.18.0.1][-][-][info][application] $_GET = []

$_POST = []

$_FILES = []

$_COOKIE = [
    'PHPSESSID' => 'bb942e73798bf93ff8fdecdbc0a86035'
    '_csrf' => '8af717e5c76ba142aff61f2afa788b06387dbeb8ff693fac0288813c349c3c60a:2:{i:0;s:5:\"_csrf\";i:1;s:32:\"IdOXoKp45AKEVEjvPcN1RFPH17C5s_vt\";}'
]

$_SESSION = [
    '__flash' => []
]

$_SERVER = [
    'USER' => 'root'
    'HOME' => '/root'
    'HTTP_COOKIE' => 'PHPSESSID=bb942e73798bf93ff8fdecdbc0a86035; _csrf=8af717e5c76ba142aff61f2afa788b06387dbeb8ff693fac0288813c349c3c60a%3A2%3A%7Bi%3A0%3Bs%3A5%3A%22_csrf%22%3Bi%3A1%3Bs%3A32%3A%22IdOXoKp45AKEVEjvPcN1RFPH17C5s_vt%22%3B%7D'
    'HTTP_ACCEPT_LANGUAGE' => 'ru-RU,ru;q=0.9,en-US;q=0.8,en;q=0.7'
    'HTTP_ACCEPT_ENCODING' => 'gzip, deflate, br'
    'HTTP_REFERER' => 'http://localhost/site/about'
    'HTTP_ACCEPT' => 'text/html,application/xhtml+xml,application/xml;q=0.9,image/webp,image/apng,*/*;q=0.8'
    'HTTP_USER_AGENT' => 'Mozilla/5.0 (Windows NT 10.0; WOW64) AppleWebKit/537.36 (KHTML, like Gecko) Chrome/67.0.3396.99 Safari/537.36'
    'HTTP_UPGRADE_INSECURE_REQUESTS' => '1'
    'HTTP_CACHE_CONTROL' => 'max-age=0'
    'HTTP_CONNECTION' => 'keep-alive'
    'HTTP_HOST' => 'localhost'
    'REDIRECT_STATUS' => '200'
    'SERVER_NAME' => 'gs.local'
    'SERVER_PORT' => '80'
    'SERVER_ADDR' => '172.18.0.4'
    'REMOTE_PORT' => '57142'
    'REMOTE_ADDR' => '172.18.0.1'
    'SERVER_SOFTWARE' => 'nginx/1.11.1'
    'GATEWAY_INTERFACE' => 'CGI/1.1'
    'REQUEST_SCHEME' => 'http'
    'SERVER_PROTOCOL' => 'HTTP/1.1'
    'DOCUMENT_ROOT' => '/var/www/web'
    'DOCUMENT_URI' => '/index.php'
    'REQUEST_URI' => '/person/index'
    'SCRIPT_NAME' => '/index.php'
    'CONTENT_LENGTH' => ''
    'CONTENT_TYPE' => ''
    'REQUEST_METHOD' => 'GET'
    'QUERY_STRING' => ''
    'SCRIPT_FILENAME' => '/var/www/web/index.php'
    'FCGI_ROLE' => 'RESPONDER'
    'PHP_SELF' => '/index.php'
    'REQUEST_TIME_FLOAT' => 1538576579.4256
    'REQUEST_TIME' => 1538576579
]
